13:49:30 | INFO | Todos os logs detalhados serão salvos em: automacao_log_20250609_134930.txt
13:49:30 | INFO | Inicializando o Edge WebDriver...
13:49:30 | DEBUG | Skipping Selenium Manager; path to MicrosoftEdge driver specified in Service class: C:\Users\2160036544\Downloads\edgedriver_win64\msedgedriver.exe
13:49:30 | DEBUG | Started executable: `C:\Users\2160036544\Downloads\edgedriver_win64\msedgedriver.exe` in a child process with pid: 14472 using 0 to output -3
13:49:30 | DEBUG | POST http://localhost:59248/session {'capabilities': {'firstMatch': [{}], 'alwaysMatch': {'browserName': 'MicrosoftEdge', 'pageLoadStrategy': <PageLoadStrategy.normal: 'normal'>, 'ms:edgeOptions': {'prefs': {'download.default_directory': 'C:\\Users\\2160036544\\Downloads\\Automacao_Arquivos', 'download.prompt_for_download': False, 'download.directory_upgrade': True}, 'excludeSwitches': ['disable-popup-blocking'], 'extensions': [], 'args': []}}}}
13:49:30 | DEBUG | Starting new HTTP connection (1): localhost:59248
13:49:32 | DEBUG | http://localhost:59248 "POST /session HTTP/1.1" 200 0
13:49:32 | DEBUG | Remote response: status=200 | data={"value":{"capabilities":{"acceptInsecureCerts":false,"browserName":"MicrosoftEdge","browserVersion":"137.0.3296.68","fedcm:accounts":true,"ms:edgeOptions":{"debuggerAddress":"localhost:59265"},"msedge":{"msedgedriverVersion":"136.0.3240.76 (77e9ec69748f08de141572c1eec5e1ad497c7be6)","userDataDir":"C:\\Users\\2160036544\\AppData\\Local\\Temp\\scoped_dir14472_1611978788"},"networkConnectionEnabled":false,"pageLoadStrategy":"normal","platformName":"windows","proxy":{},"setWindowRect":true,"strictFileInteractability":false,"timeouts":{"implicit":0,"pageLoad":300000,"script":30000},"unhandledPromptBehavior":"dismiss and notify","webauthn:extension:credBlob":true,"webauthn:extension:largeBlob":true,"webauthn:extension:minPinLength":true,"webauthn:extension:prf":true,"webauthn:virtualAuthenticators":true},"sessionId":"8133cf87bc72ca376399655b737fa7e4"}} | headers=HTTPHeaderDict({'Content-Length': '859', 'Content-Type': 'application/json; charset=utf-8', 'cache-control': 'no-cache'})
13:49:32 | DEBUG | Finished Request
13:49:32 | INFO | Acessando: https://im40333.onbaseonline.com/203appnet/Login.aspx
13:49:32 | DEBUG | POST http://localhost:59248/session/8133cf87bc72ca376399655b737fa7e4/url {'url': 'https://im40333.onbaseonline.com/203appnet/Login.aspx'}
13:49:32 | DEBUG | http://localhost:59248 "POST /session/8133cf87bc72ca376399655b737fa7e4/url HTTP/1.1" 200 0
13:49:32 | DEBUG | Remote response: status=200 | data={"value":null} | headers=HTTPHeaderDict({'Content-Length': '14', 'Content-Type': 'application/json; charset=utf-8', 'cache-control': 'no-cache'})
13:49:32 | DEBUG | Finished Request
13:49:32 | INFO | Localizando campos de login e senha...
13:49:32 | DEBUG | POST http://localhost:59248/session/8133cf87bc72ca376399655b737fa7e4/element {'using': 'xpath', 'value': '/html/body/form/div[3]/div/div[2]/table/tbody/tr[1]/td[2]/input'}
13:49:32 | DEBUG | http://localhost:59248 "POST /session/8133cf87bc72ca376399655b737fa7e4/element HTTP/1.1" 200 0
13:49:32 | DEBUG | Remote response: status=200 | data={"value":{"element-6066-11e4-a52e-4f735466cecf":"f.CAC3181B7612BECF8B63BE8ADF3BE057.d.DA313F297A639B18FB6B6C21E2E2949E.e.4"}} | headers=HTTPHeaderDict({'Content-Length': '125', 'Content-Type': 'application/json; charset=utf-8', 'cache-control': 'no-cache'})
13:49:32 | DEBUG | Finished Request
13:49:32 | DEBUG | POST http://localhost:59248/session/8133cf87bc72ca376399655b737fa7e4/element {'using': 'xpath', 'value': '/html/body/form/div[3]/div/div[2]/table/tbody/tr[3]/td[2]/input'}
13:49:32 | DEBUG | http://localhost:59248 "POST /session/8133cf87bc72ca376399655b737fa7e4/element HTTP/1.1" 200 0
13:49:32 | DEBUG | Remote response: status=200 | data={"value":{"element-6066-11e4-a52e-4f735466cecf":"f.CAC3181B7612BECF8B63BE8ADF3BE057.d.DA313F297A639B18FB6B6C21E2E2949E.e.5"}} | headers=HTTPHeaderDict({'Content-Length': '125', 'Content-Type': 'application/json; charset=utf-8', 'cache-control': 'no-cache'})
13:49:32 | DEBUG | Finished Request
13:49:32 | DEBUG | POST http://localhost:59248/session/8133cf87bc72ca376399655b737fa7e4/element {'using': 'xpath', 'value': '/html/body/form/div[3]/div/div[2]/table/tbody/tr[5]/td[2]/button'}
13:49:32 | DEBUG | http://localhost:59248 "POST /session/8133cf87bc72ca376399655b737fa7e4/element HTTP/1.1" 200 0
13:49:32 | DEBUG | Remote response: status=200 | data={"value":{"element-6066-11e4-a52e-4f735466cecf":"f.CAC3181B7612BECF8B63BE8ADF3BE057.d.DA313F297A639B18FB6B6C21E2E2949E.e.22"}} | headers=HTTPHeaderDict({'Content-Length': '126', 'Content-Type': 'application/json; charset=utf-8', 'cache-control': 'no-cache'})
13:49:32 | DEBUG | Finished Request
13:49:32 | DEBUG | POST http://localhost:59248/session/8133cf87bc72ca376399655b737fa7e4/execute/sync {'script': '/* isDisplayed */return (function(){return (function(){var g=this||self;\nfunction aa(a){var b=typeof...', 'args': [{'element-6066-11e4-a52e-4f735466cecf': 'f.CAC3181B7612BECF8B63BE8ADF3BE057.d.DA313F297A639B18FB6B6C21E2E2949E.e.22'}]}
13:49:32 | DEBUG | http://localhost:59248 "POST /session/8133cf87bc72ca376399655b737fa7e4/execute/sync HTTP/1.1" 200 0
13:49:32 | DEBUG | Remote response: status=200 | data={"value":true} | headers=HTTPHeaderDict({'Content-Length': '14', 'Content-Type': 'application/json; charset=utf-8', 'cache-control': 'no-cache'})
13:49:32 | DEBUG | Finished Request
13:49:32 | DEBUG | GET http://localhost:59248/session/8133cf87bc72ca376399655b737fa7e4/element/f.CAC3181B7612BECF8B63BE8ADF3BE057.d.DA313F297A639B18FB6B6C21E2E2949E.e.22/enabled {}
13:49:32 | DEBUG | http://localhost:59248 "GET /session/8133cf87bc72ca376399655b737fa7e4/element/f.CAC3181B7612BECF8B63BE8ADF3BE057.d.DA313F297A639B18FB6B6C21E2E2949E.e.22/enabled HTTP/1.1" 200 0
13:49:32 | DEBUG | Remote response: status=200 | data={"value":true} | headers=HTTPHeaderDict({'Content-Length': '14', 'Content-Type': 'application/json; charset=utf-8', 'cache-control': 'no-cache'})
13:49:32 | DEBUG | Finished Request
13:49:32 | DEBUG | POST http://localhost:59248/session/8133cf87bc72ca376399655b737fa7e4/element/f.CAC3181B7612BECF8B63BE8ADF3BE057.d.DA313F297A639B18FB6B6C21E2E2949E.e.4/value {'text': '60036544', 'value': ['6', '0', '0', '3', '6', '5', '4', '4']}
13:49:32 | DEBUG | http://localhost:59248 "POST /session/8133cf87bc72ca376399655b737fa7e4/element/f.CAC3181B7612BECF8B63BE8ADF3BE057.d.DA313F297A639B18FB6B6C21E2E2949E.e.4/value HTTP/1.1" 200 0
13:49:32 | DEBUG | Remote response: status=200 | data={"value":null} | headers=HTTPHeaderDict({'Content-Length': '14', 'Content-Type': 'application/json; charset=utf-8', 'cache-control': 'no-cache'})
13:49:32 | DEBUG | Finished Request
13:49:32 | DEBUG | POST http://localhost:59248/session/8133cf87bc72ca376399655b737fa7e4/element/f.CAC3181B7612BECF8B63BE8ADF3BE057.d.DA313F297A639B18FB6B6C21E2E2949E.e.5/value {'text': '12345678', 'value': ['1', '2', '3', '4', '5', '6', '7', '8']}
13:49:32 | DEBUG | http://localhost:59248 "POST /session/8133cf87bc72ca376399655b737fa7e4/element/f.CAC3181B7612BECF8B63BE8ADF3BE057.d.DA313F297A639B18FB6B6C21E2E2949E.e.5/value HTTP/1.1" 200 0
13:49:32 | DEBUG | Remote response: status=200 | data={"value":null} | headers=HTTPHeaderDict({'Content-Length': '14', 'Content-Type': 'application/json; charset=utf-8', 'cache-control': 'no-cache'})
13:49:32 | DEBUG | Finished Request
13:49:32 | DEBUG | POST http://localhost:59248/session/8133cf87bc72ca376399655b737fa7e4/element/f.CAC3181B7612BECF8B63BE8ADF3BE057.d.DA313F297A639B18FB6B6C21E2E2949E.e.22/click {}
13:49:32 | DEBUG | http://localhost:59248 "POST /session/8133cf87bc72ca376399655b737fa7e4/element/f.CAC3181B7612BECF8B63BE8ADF3BE057.d.DA313F297A639B18FB6B6C21E2E2949E.e.22/click HTTP/1.1" 200 0
13:49:32 | DEBUG | Remote response: status=200 | data={"value":null} | headers=HTTPHeaderDict({'Content-Length': '14', 'Content-Type': 'application/json; charset=utf-8', 'cache-control': 'no-cache'})
13:49:32 | DEBUG | Finished Request
13:49:32 | INFO | Login realizado com sucesso.
13:49:32 | INFO | Aguardando e mudando para o iframe 'NavPanelIFrame'...
13:49:32 | DEBUG | POST http://localhost:59248/session/8133cf87bc72ca376399655b737fa7e4/element {'using': 'css selector', 'value': '[id="NavPanelIFrame"]'}
13:49:33 | DEBUG | http://localhost:59248 "POST /session/8133cf87bc72ca376399655b737fa7e4/element HTTP/1.1" 404 0
13:49:33 | DEBUG | Remote response: status=404 | data={"value":{"error":"no such element","message":"no such element: Unable to locate element: {\"method\":\"css selector\",\"selector\":\"[id=\"NavPanelIFrame\"]\"}\n  (Session info: MicrosoftEdge=137.0.3296.68)","stacktrace":"\tGetHandleVerifier [0x00007FF7EB9DF965+25029]\n\t(No symbol) [0x00007FF7EB934970]\n\tMicrosoft::Applications::Events::EventProperty::to_string [0x00007FF7EBC3AA6A+1947706]\n\t(No symbol) [0x00007FF7EB747D88]\n\t(No symbol) [0x00007FF7EB74804B]\n\t(No symbol) [0x00007FF7EB788CA7]\n\t(No symbol) [0x00007FF7EB7690CF]\n\t(No symbol) [0x00007FF7EB73E15D]\n\t(No symbol) [0x00007FF7EB786698]\n\t(No symbol) [0x00007FF7EB768DF3]\n\t(No symbol) [0x00007FF7EB73D6A6]\n\t(No symbol) [0x00007FF7EB73CBB3]\n\t(No symbol) [0x00007FF7EB73D4D3]\n\t(No symbol) [0x00007FF7EB845F0D]\n\t(No symbol) [0x00007FF7EB853AAF]\n\t(No symbol) [0x00007FF7EB84C49F]\n\tMicrosoft::Applications::Events::EventProperty::to_string [0x00007FF7EBAA4A1A+284650]\n\t(No symbol) [0x00007FF7EB942301]\n\t(No symbol) [0x00007FF7EB93ADA4]\n\t(No symbol) [0x00007FF7EB93AEF3]\n\t(No symbol) [0x00007FF7EB92CB36]\n\tBaseThreadInitThunk [0x00007FFDA7E3259D+29]\n\tRtlUserThreadStart [0x00007FFDA984AF38+40]\n"}} | headers=HTTPHeaderDict({'Content-Length': '1194', 'Content-Type': 'application/json; charset=utf-8', 'cache-control': 'no-cache'})
13:49:33 | DEBUG | Finished Request
13:49:33 | DEBUG | POST http://localhost:59248/session/8133cf87bc72ca376399655b737fa7e4/element {'using': 'css selector', 'value': '[id="NavPanelIFrame"]'}
13:49:33 | DEBUG | http://localhost:59248 "POST /session/8133cf87bc72ca376399655b737fa7e4/element HTTP/1.1" 200 0
13:49:33 | DEBUG | Remote response: status=200 | data={"value":{"element-6066-11e4-a52e-4f735466cecf":"f.CAC3181B7612BECF8B63BE8ADF3BE057.d.170EB7B3F4FD9086A79B79D30C107951.e.106"}} | headers=HTTPHeaderDict({'Content-Length': '127', 'Content-Type': 'application/json; charset=utf-8', 'cache-control': 'no-cache'})
13:49:33 | DEBUG | Finished Request
13:49:33 | DEBUG | POST http://localhost:59248/session/8133cf87bc72ca376399655b737fa7e4/frame {'id': {'element-6066-11e4-a52e-4f735466cecf': 'f.CAC3181B7612BECF8B63BE8ADF3BE057.d.170EB7B3F4FD9086A79B79D30C107951.e.106'}}
13:49:33 | DEBUG | http://localhost:59248 "POST /session/8133cf87bc72ca376399655b737fa7e4/frame HTTP/1.1" 200 0
13:49:33 | DEBUG | Remote response: status=200 | data={"value":null} | headers=HTTPHeaderDict({'Content-Length': '14', 'Content-Type': 'application/json; charset=utf-8', 'cache-control': 'no-cache'})
13:49:33 | DEBUG | Finished Request
13:49:33 | DEBUG | POST http://localhost:59248/session/8133cf87bc72ca376399655b737fa7e4/element {'using': 'xpath', 'value': '/html/body/form/div[2]/div[1]/div/div/div/div[1]/div//input'}
13:49:33 | DEBUG | http://localhost:59248 "POST /session/8133cf87bc72ca376399655b737fa7e4/element HTTP/1.1" 200 0
13:49:33 | DEBUG | Remote response: status=200 | data={"value":{"element-6066-11e4-a52e-4f735466cecf":"f.A5B24720E7E97E0B4899BE6995CB29E1.d.E85E1555373F85607FD99C9894A07AEA.e.113"}} | headers=HTTPHeaderDict({'Content-Length': '127', 'Content-Type': 'application/json; charset=utf-8', 'cache-control': 'no-cache'})
13:49:33 | DEBUG | Finished Request
13:49:33 | DEBUG | POST http://localhost:59248/session/8133cf87bc72ca376399655b737fa7e4/element/f.A5B24720E7E97E0B4899BE6995CB29E1.d.E85E1555373F85607FD99C9894A07AEA.e.113/value {'text': 'ANEXOS', 'value': ['A', 'N', 'E', 'X', 'O', 'S']}
13:49:33 | DEBUG | http://localhost:59248 "POST /session/8133cf87bc72ca376399655b737fa7e4/element/f.A5B24720E7E97E0B4899BE6995CB29E1.d.E85E1555373F85607FD99C9894A07AEA.e.113/value HTTP/1.1" 200 0
13:49:33 | DEBUG | Remote response: status=200 | data={"value":null} | headers=HTTPHeaderDict({'Content-Length': '14', 'Content-Type': 'application/json; charset=utf-8', 'cache-control': 'no-cache'})
13:49:33 | DEBUG | Finished Request
13:49:34 | DEBUG | POST http://localhost:59248/session/8133cf87bc72ca376399655b737fa7e4/element {'using': 'xpath', 'value': '/html/body/form/div[2]/div[1]/div/div/div/div[3]/div[1]/ul/li[5]/label'}
13:49:34 | DEBUG | http://localhost:59248 "POST /session/8133cf87bc72ca376399655b737fa7e4/element HTTP/1.1" 200 0
13:49:34 | DEBUG | Remote response: status=200 | data={"value":{"element-6066-11e4-a52e-4f735466cecf":"f.A5B24720E7E97E0B4899BE6995CB29E1.d.E85E1555373F85607FD99C9894A07AEA.e.120"}} | headers=HTTPHeaderDict({'Content-Length': '127', 'Content-Type': 'application/json; charset=utf-8', 'cache-control': 'no-cache'})
13:49:34 | DEBUG | Finished Request
13:49:34 | DEBUG | POST http://localhost:59248/session/8133cf87bc72ca376399655b737fa7e4/execute/sync {'script': '/* isDisplayed */return (function(){return (function(){var g=this||self;\nfunction aa(a){var b=typeof...', 'args': [{'element-6066-11e4-a52e-4f735466cecf': 'f.A5B24720E7E97E0B4899BE6995CB29E1.d.E85E1555373F85607FD99C9894A07AEA.e.120'}]}
13:49:34 | DEBUG | http://localhost:59248 "POST /session/8133cf87bc72ca376399655b737fa7e4/execute/sync HTTP/1.1" 200 0
13:49:34 | DEBUG | Remote response: status=200 | data={"value":true} | headers=HTTPHeaderDict({'Content-Length': '14', 'Content-Type': 'application/json; charset=utf-8', 'cache-control': 'no-cache'})
13:49:34 | DEBUG | Finished Request
13:49:34 | DEBUG | GET http://localhost:59248/session/8133cf87bc72ca376399655b737fa7e4/element/f.A5B24720E7E97E0B4899BE6995CB29E1.d.E85E1555373F85607FD99C9894A07AEA.e.120/enabled {}
13:49:34 | DEBUG | http://localhost:59248 "GET /session/8133cf87bc72ca376399655b737fa7e4/element/f.A5B24720E7E97E0B4899BE6995CB29E1.d.E85E1555373F85607FD99C9894A07AEA.e.120/enabled HTTP/1.1" 200 0
13:49:34 | DEBUG | Remote response: status=200 | data={"value":true} | headers=HTTPHeaderDict({'Content-Length': '14', 'Content-Type': 'application/json; charset=utf-8', 'cache-control': 'no-cache'})
13:49:34 | DEBUG | Finished Request
13:49:34 | DEBUG | POST http://localhost:59248/session/8133cf87bc72ca376399655b737fa7e4/element/f.A5B24720E7E97E0B4899BE6995CB29E1.d.E85E1555373F85607FD99C9894A07AEA.e.120/click {}
13:49:34 | DEBUG | http://localhost:59248 "POST /session/8133cf87bc72ca376399655b737fa7e4/element/f.A5B24720E7E97E0B4899BE6995CB29E1.d.E85E1555373F85607FD99C9894A07AEA.e.120/click HTTP/1.1" 200 0
13:49:34 | DEBUG | Remote response: status=200 | data={"value":null} | headers=HTTPHeaderDict({'Content-Length': '14', 'Content-Type': 'application/json; charset=utf-8', 'cache-control': 'no-cache'})
13:49:34 | DEBUG | Finished Request
13:49:34 | INFO | Interação com 'ANEXOS' concluída com sucesso.
13:49:34 | INFO | Tentando preencher o campo 'RH - Matricula'...
13:49:34 | DEBUG | POST http://localhost:59248/session/8133cf87bc72ca376399655b737fa7e4/element {'using': 'xpath', 'value': "//div[@keywordtypeid='114']"}
13:49:34 | DEBUG | http://localhost:59248 "POST /session/8133cf87bc72ca376399655b737fa7e4/element HTTP/1.1" 200 0
13:49:34 | DEBUG | Remote response: status=200 | data={"value":{"element-6066-11e4-a52e-4f735466cecf":"f.A5B24720E7E97E0B4899BE6995CB29E1.d.E85E1555373F85607FD99C9894A07AEA.e.346"}} | headers=HTTPHeaderDict({'Content-Length': '127', 'Content-Type': 'application/json; charset=utf-8', 'cache-control': 'no-cache'})
13:49:34 | DEBUG | Finished Request
13:49:34 | DEBUG | POST http://localhost:59248/session/8133cf87bc72ca376399655b737fa7e4/execute/sync {'script': '/* isDisplayed */return (function(){return (function(){var g=this||self;\nfunction aa(a){var b=typeof...', 'args': [{'element-6066-11e4-a52e-4f735466cecf': 'f.A5B24720E7E97E0B4899BE6995CB29E1.d.E85E1555373F85607FD99C9894A07AEA.e.346'}]}
13:49:35 | DEBUG | http://localhost:59248 "POST /session/8133cf87bc72ca376399655b737fa7e4/execute/sync HTTP/1.1" 200 0
13:49:35 | DEBUG | Remote response: status=200 | data={"value":true} | headers=HTTPHeaderDict({'Content-Length': '14', 'Content-Type': 'application/json; charset=utf-8', 'cache-control': 'no-cache'})
13:49:35 | DEBUG | Finished Request
13:49:35 | DEBUG | POST http://localhost:59248/session/8133cf87bc72ca376399655b737fa7e4/element/f.A5B24720E7E97E0B4899BE6995CB29E1.d.E85E1555373F85607FD99C9894A07AEA.e.346/element {'using': 'xpath', 'value': ".//input[contains(@class, 'keywordInput')]"}
13:49:35 | DEBUG | http://localhost:59248 "POST /session/8133cf87bc72ca376399655b737fa7e4/element/f.A5B24720E7E97E0B4899BE6995CB29E1.d.E85E1555373F85607FD99C9894A07AEA.e.346/element HTTP/1.1" 200 0
13:49:35 | DEBUG | Remote response: status=200 | data={"value":{"element-6066-11e4-a52e-4f735466cecf":"f.A5B24720E7E97E0B4899BE6995CB29E1.d.E85E1555373F85607FD99C9894A07AEA.e.347"}} | headers=HTTPHeaderDict({'Content-Length': '127', 'Content-Type': 'application/json; charset=utf-8', 'cache-control': 'no-cache'})
13:49:35 | DEBUG | Finished Request
13:49:35 | DEBUG | POST http://localhost:59248/session/8133cf87bc72ca376399655b737fa7e4/execute/sync {'script': '/* isDisplayed */return (function(){return (function(){var g=this||self;\nfunction aa(a){var b=typeof...', 'args': [{'element-6066-11e4-a52e-4f735466cecf': 'f.A5B24720E7E97E0B4899BE6995CB29E1.d.E85E1555373F85607FD99C9894A07AEA.e.347'}]}
13:49:35 | DEBUG | http://localhost:59248 "POST /session/8133cf87bc72ca376399655b737fa7e4/execute/sync HTTP/1.1" 200 0
13:49:35 | DEBUG | Remote response: status=200 | data={"value":true} | headers=HTTPHeaderDict({'Content-Length': '14', 'Content-Type': 'application/json; charset=utf-8', 'cache-control': 'no-cache'})
13:49:35 | DEBUG | Finished Request
13:49:35 | DEBUG | GET http://localhost:59248/session/8133cf87bc72ca376399655b737fa7e4/element/f.A5B24720E7E97E0B4899BE6995CB29E1.d.E85E1555373F85607FD99C9894A07AEA.e.347/enabled {}
13:49:35 | DEBUG | http://localhost:59248 "GET /session/8133cf87bc72ca376399655b737fa7e4/element/f.A5B24720E7E97E0B4899BE6995CB29E1.d.E85E1555373F85607FD99C9894A07AEA.e.347/enabled HTTP/1.1" 200 0
13:49:35 | DEBUG | Remote response: status=200 | data={"value":true} | headers=HTTPHeaderDict({'Content-Length': '14', 'Content-Type': 'application/json; charset=utf-8', 'cache-control': 'no-cache'})
13:49:35 | DEBUG | Finished Request
13:49:35 | DEBUG | POST http://localhost:59248/session/8133cf87bc72ca376399655b737fa7e4/element/f.A5B24720E7E97E0B4899BE6995CB29E1.d.E85E1555373F85607FD99C9894A07AEA.e.347/clear {}
13:49:35 | DEBUG | http://localhost:59248 "POST /session/8133cf87bc72ca376399655b737fa7e4/element/f.A5B24720E7E97E0B4899BE6995CB29E1.d.E85E1555373F85607FD99C9894A07AEA.e.347/clear HTTP/1.1" 200 0
13:49:35 | DEBUG | Remote response: status=200 | data={"value":null} | headers=HTTPHeaderDict({'Content-Length': '14', 'Content-Type': 'application/json; charset=utf-8', 'cache-control': 'no-cache'})
13:49:35 | DEBUG | Finished Request
13:49:35 | DEBUG | POST http://localhost:59248/session/8133cf87bc72ca376399655b737fa7e4/element/f.A5B24720E7E97E0B4899BE6995CB29E1.d.E85E1555373F85607FD99C9894A07AEA.e.347/value {'text': '2469189', 'value': ['2', '4', '6', '9', '1', '8', '9']}
13:49:35 | DEBUG | http://localhost:59248 "POST /session/8133cf87bc72ca376399655b737fa7e4/element/f.A5B24720E7E97E0B4899BE6995CB29E1.d.E85E1555373F85607FD99C9894A07AEA.e.347/value HTTP/1.1" 200 0
13:49:35 | DEBUG | Remote response: status=200 | data={"value":null} | headers=HTTPHeaderDict({'Content-Length': '14', 'Content-Type': 'application/json; charset=utf-8', 'cache-control': 'no-cache'})
13:49:35 | DEBUG | Finished Request
13:49:35 | INFO | Campo 'RH - Matricula' preenchido com sucesso.
13:49:35 | INFO | Tentando localizar e clicar no botão 'Pesquisar'...
13:49:35 | DEBUG | POST http://localhost:59248/session/8133cf87bc72ca376399655b737fa7e4/element {'using': 'xpath', 'value': "//button[contains(@class, 'js-searchButton') and text()='Pesquisar']"}
13:49:35 | DEBUG | http://localhost:59248 "POST /session/8133cf87bc72ca376399655b737fa7e4/element HTTP/1.1" 200 0
13:49:35 | DEBUG | Remote response: status=200 | data={"value":{"element-6066-11e4-a52e-4f735466cecf":"f.A5B24720E7E97E0B4899BE6995CB29E1.d.E85E1555373F85607FD99C9894A07AEA.e.97"}} | headers=HTTPHeaderDict({'Content-Length': '126', 'Content-Type': 'application/json; charset=utf-8', 'cache-control': 'no-cache'})
13:49:35 | DEBUG | Finished Request
13:49:35 | DEBUG | POST http://localhost:59248/session/8133cf87bc72ca376399655b737fa7e4/execute/sync {'script': '/* isDisplayed */return (function(){return (function(){var g=this||self;\nfunction aa(a){var b=typeof...', 'args': [{'element-6066-11e4-a52e-4f735466cecf': 'f.A5B24720E7E97E0B4899BE6995CB29E1.d.E85E1555373F85607FD99C9894A07AEA.e.97'}]}
13:49:35 | DEBUG | http://localhost:59248 "POST /session/8133cf87bc72ca376399655b737fa7e4/execute/sync HTTP/1.1" 200 0
13:49:35 | DEBUG | Remote response: status=200 | data={"value":true} | headers=HTTPHeaderDict({'Content-Length': '14', 'Content-Type': 'application/json; charset=utf-8', 'cache-control': 'no-cache'})
13:49:35 | DEBUG | Finished Request
13:49:35 | DEBUG | GET http://localhost:59248/session/8133cf87bc72ca376399655b737fa7e4/element/f.A5B24720E7E97E0B4899BE6995CB29E1.d.E85E1555373F85607FD99C9894A07AEA.e.97/enabled {}
13:49:35 | DEBUG | http://localhost:59248 "GET /session/8133cf87bc72ca376399655b737fa7e4/element/f.A5B24720E7E97E0B4899BE6995CB29E1.d.E85E1555373F85607FD99C9894A07AEA.e.97/enabled HTTP/1.1" 200 0
13:49:35 | DEBUG | Remote response: status=200 | data={"value":true} | headers=HTTPHeaderDict({'Content-Length': '14', 'Content-Type': 'application/json; charset=utf-8', 'cache-control': 'no-cache'})
13:49:35 | DEBUG | Finished Request
13:49:35 | DEBUG | POST http://localhost:59248/session/8133cf87bc72ca376399655b737fa7e4/element/f.A5B24720E7E97E0B4899BE6995CB29E1.d.E85E1555373F85607FD99C9894A07AEA.e.97/click {}
13:49:35 | DEBUG | http://localhost:59248 "POST /session/8133cf87bc72ca376399655b737fa7e4/element/f.A5B24720E7E97E0B4899BE6995CB29E1.d.E85E1555373F85607FD99C9894A07AEA.e.97/click HTTP/1.1" 200 0
13:49:35 | DEBUG | Remote response: status=200 | data={"value":null} | headers=HTTPHeaderDict({'Content-Length': '14', 'Content-Type': 'application/json; charset=utf-8', 'cache-control': 'no-cache'})
13:49:35 | DEBUG | Finished Request
13:49:35 | INFO | Botão 'Pesquisar' clicado com sucesso!
13:49:35 | DEBUG | POST http://localhost:59248/session/8133cf87bc72ca376399655b737fa7e4/frame {'id': None}
13:49:35 | DEBUG | http://localhost:59248 "POST /session/8133cf87bc72ca376399655b737fa7e4/frame HTTP/1.1" 200 0
13:49:35 | DEBUG | Remote response: status=200 | data={"value":null} | headers=HTTPHeaderDict({'Content-Length': '14', 'Content-Type': 'application/json; charset=utf-8', 'cache-control': 'no-cache'})
13:49:35 | DEBUG | Finished Request
13:49:50 | DEBUG | POST http://localhost:59248/session/8133cf87bc72ca376399655b737fa7e4/element {'using': 'css selector', 'value': '[id="frmViewer"]'}
13:49:50 | DEBUG | http://localhost:59248 "POST /session/8133cf87bc72ca376399655b737fa7e4/element HTTP/1.1" 200 0
13:49:50 | DEBUG | Remote response: status=200 | data={"value":{"element-6066-11e4-a52e-4f735466cecf":"f.CAC3181B7612BECF8B63BE8ADF3BE057.d.170EB7B3F4FD9086A79B79D30C107951.e.45"}} | headers=HTTPHeaderDict({'Content-Length': '126', 'Content-Type': 'application/json; charset=utf-8', 'cache-control': 'no-cache'})
13:49:50 | DEBUG | Finished Request
13:49:50 | DEBUG | POST http://localhost:59248/session/8133cf87bc72ca376399655b737fa7e4/frame {'id': {'element-6066-11e4-a52e-4f735466cecf': 'f.CAC3181B7612BECF8B63BE8ADF3BE057.d.170EB7B3F4FD9086A79B79D30C107951.e.45'}}
13:49:50 | DEBUG | http://localhost:59248 "POST /session/8133cf87bc72ca376399655b737fa7e4/frame HTTP/1.1" 200 0
13:49:50 | DEBUG | Remote response: status=200 | data={"value":null} | headers=HTTPHeaderDict({'Content-Length': '14', 'Content-Type': 'application/json; charset=utf-8', 'cache-control': 'no-cache'})
13:49:50 | DEBUG | Finished Request
13:49:50 | DEBUG | POST http://localhost:59248/session/8133cf87bc72ca376399655b737fa7e4/element {'using': 'css selector', 'value': '[id="frameDocSelect"]'}
13:49:50 | DEBUG | http://localhost:59248 "POST /session/8133cf87bc72ca376399655b737fa7e4/element HTTP/1.1" 200 0
13:49:50 | DEBUG | Remote response: status=200 | data={"value":{"element-6066-11e4-a52e-4f735466cecf":"f.C93DB0F8E081B7F765BB26A0E2BFE3CE.d.9725908A817F5D5A6DDAB204A31F6A24.e.405"}} | headers=HTTPHeaderDict({'Content-Length': '127', 'Content-Type': 'application/json; charset=utf-8', 'cache-control': 'no-cache'})
13:49:50 | DEBUG | Finished Request
13:49:50 | DEBUG | POST http://localhost:59248/session/8133cf87bc72ca376399655b737fa7e4/frame {'id': {'element-6066-11e4-a52e-4f735466cecf': 'f.C93DB0F8E081B7F765BB26A0E2BFE3CE.d.9725908A817F5D5A6DDAB204A31F6A24.e.405'}}
13:49:50 | DEBUG | http://localhost:59248 "POST /session/8133cf87bc72ca376399655b737fa7e4/frame HTTP/1.1" 200 0
13:49:50 | DEBUG | Remote response: status=200 | data={"value":null} | headers=HTTPHeaderDict({'Content-Length': '14', 'Content-Type': 'application/json; charset=utf-8', 'cache-control': 'no-cache'})
13:49:50 | DEBUG | Finished Request
13:49:50 | INFO | Tentando selecionar todos os itens da tabela 'primaryHitlist_grid'...
13:49:50 | DEBUG | POST http://localhost:59248/session/8133cf87bc72ca376399655b737fa7e4/element {'using': 'css selector', 'value': '[id="primaryHitlist_grid"]'}
13:49:50 | DEBUG | http://localhost:59248 "POST /session/8133cf87bc72ca376399655b737fa7e4/element HTTP/1.1" 200 0
13:49:50 | DEBUG | Remote response: status=200 | data={"value":{"element-6066-11e4-a52e-4f735466cecf":"f.0FEBA765CDE3DD0F1A3C41E32A39EBF7.d.FA4B78FD7788453C9E6FE458E7979FBE.e.406"}} | headers=HTTPHeaderDict({'Content-Length': '127', 'Content-Type': 'application/json; charset=utf-8', 'cache-control': 'no-cache'})
13:49:50 | DEBUG | Finished Request
13:49:50 | DEBUG | POST http://localhost:59248/session/8133cf87bc72ca376399655b737fa7e4/execute/sync {'script': '/* isDisplayed */return (function(){return (function(){var g=this||self;\nfunction aa(a){var b=typeof...', 'args': [{'element-6066-11e4-a52e-4f735466cecf': 'f.0FEBA765CDE3DD0F1A3C41E32A39EBF7.d.FA4B78FD7788453C9E6FE458E7979FBE.e.406'}]}
13:49:50 | DEBUG | http://localhost:59248 "POST /session/8133cf87bc72ca376399655b737fa7e4/execute/sync HTTP/1.1" 200 0
13:49:50 | DEBUG | Remote response: status=200 | data={"value":true} | headers=HTTPHeaderDict({'Content-Length': '14', 'Content-Type': 'application/json; charset=utf-8', 'cache-control': 'no-cache'})
13:49:50 | DEBUG | Finished Request
13:49:50 | DEBUG | POST http://localhost:59248/session/8133cf87bc72ca376399655b737fa7e4/element/f.0FEBA765CDE3DD0F1A3C41E32A39EBF7.d.FA4B78FD7788453C9E6FE458E7979FBE.e.406/elements {'using': 'xpath', 'value': ".//tbody/tr[@role='row']"}
13:49:50 | DEBUG | http://localhost:59248 "POST /session/8133cf87bc72ca376399655b737fa7e4/element/f.0FEBA765CDE3DD0F1A3C41E32A39EBF7.d.FA4B78FD7788453C9E6FE458E7979FBE.e.406/elements HTTP/1.1" 200 0
13:49:50 | DEBUG | Remote response: status=200 | data={"value":[{"element-6066-11e4-a52e-4f735466cecf":"f.0FEBA765CDE3DD0F1A3C41E32A39EBF7.d.FA4B78FD7788453C9E6FE458E7979FBE.e.407"},{"element-6066-11e4-a52e-4f735466cecf":"f.0FEBA765CDE3DD0F1A3C41E32A39EBF7.d.FA4B78FD7788453C9E6FE458E7979FBE.e.408"},{"element-6066-11e4-a52e-4f735466cecf":"f.0FEBA765CDE3DD0F1A3C41E32A39EBF7.d.FA4B78FD7788453C9E6FE458E7979FBE.e.409"},{"element-6066-11e4-a52e-4f735466cecf":"f.0FEBA765CDE3DD0F1A3C41E32A39EBF7.d.FA4B78FD7788453C9E6FE458E7979FBE.e.410"},{"element-6066-11e4-a52e-4f735466cecf":"f.0FEBA765CDE3DD0F1A3C41E32A39EBF7.d.FA4B78FD7788453C9E6FE458E7979FBE.e.411"}]} | headers=HTTPHeaderDict({'Content-Length': '601', 'Content-Type': 'application/json; charset=utf-8', 'cache-control': 'no-cache'})
13:49:50 | DEBUG | Finished Request
13:49:50 | DEBUG | POST http://localhost:59248/session/8133cf87bc72ca376399655b737fa7e4/execute/sync {'script': "arguments[0].setAttribute('aria-selected', 'true'); arguments[0].classList.add('ui-iggrid-activerow'...", 'args': [{'element-6066-11e4-a52e-4f735466cecf': 'f.0FEBA765CDE3DD0F1A3C41E32A39EBF7.d.FA4B78FD7788453C9E6FE458E7979FBE.e.407'}]}
13:49:50 | DEBUG | http://localhost:59248 "POST /session/8133cf87bc72ca376399655b737fa7e4/execute/sync HTTP/1.1" 200 0
13:49:50 | DEBUG | Remote response: status=200 | data={"value":null} | headers=HTTPHeaderDict({'Content-Length': '14', 'Content-Type': 'application/json; charset=utf-8', 'cache-control': 'no-cache'})
13:49:50 | DEBUG | Finished Request
13:49:50 | DEBUG | POST http://localhost:59248/session/8133cf87bc72ca376399655b737fa7e4/execute/sync {'script': "arguments[0].setAttribute('aria-selected', 'true'); arguments[0].classList.add('ui-iggrid-activerow'...", 'args': [{'element-6066-11e4-a52e-4f735466cecf': 'f.0FEBA765CDE3DD0F1A3C41E32A39EBF7.d.FA4B78FD7788453C9E6FE458E7979FBE.e.408'}]}
13:49:50 | DEBUG | http://localhost:59248 "POST /session/8133cf87bc72ca376399655b737fa7e4/execute/sync HTTP/1.1" 200 0
13:49:50 | DEBUG | Remote response: status=200 | data={"value":null} | headers=HTTPHeaderDict({'Content-Length': '14', 'Content-Type': 'application/json; charset=utf-8', 'cache-control': 'no-cache'})
13:49:50 | DEBUG | Finished Request
13:49:50 | DEBUG | POST http://localhost:59248/session/8133cf87bc72ca376399655b737fa7e4/execute/sync {'script': "arguments[0].setAttribute('aria-selected', 'true'); arguments[0].classList.add('ui-iggrid-activerow'...", 'args': [{'element-6066-11e4-a52e-4f735466cecf': 'f.0FEBA765CDE3DD0F1A3C41E32A39EBF7.d.FA4B78FD7788453C9E6FE458E7979FBE.e.409'}]}
13:49:50 | DEBUG | http://localhost:59248 "POST /session/8133cf87bc72ca376399655b737fa7e4/execute/sync HTTP/1.1" 200 0
13:49:50 | DEBUG | Remote response: status=200 | data={"value":null} | headers=HTTPHeaderDict({'Content-Length': '14', 'Content-Type': 'application/json; charset=utf-8', 'cache-control': 'no-cache'})
13:49:50 | DEBUG | Finished Request
13:49:50 | DEBUG | POST http://localhost:59248/session/8133cf87bc72ca376399655b737fa7e4/execute/sync {'script': "arguments[0].setAttribute('aria-selected', 'true'); arguments[0].classList.add('ui-iggrid-activerow'...", 'args': [{'element-6066-11e4-a52e-4f735466cecf': 'f.0FEBA765CDE3DD0F1A3C41E32A39EBF7.d.FA4B78FD7788453C9E6FE458E7979FBE.e.410'}]}
13:49:50 | DEBUG | http://localhost:59248 "POST /session/8133cf87bc72ca376399655b737fa7e4/execute/sync HTTP/1.1" 200 0
13:49:50 | DEBUG | Remote response: status=200 | data={"value":null} | headers=HTTPHeaderDict({'Content-Length': '14', 'Content-Type': 'application/json; charset=utf-8', 'cache-control': 'no-cache'})
13:49:50 | DEBUG | Finished Request
13:49:50 | DEBUG | POST http://localhost:59248/session/8133cf87bc72ca376399655b737fa7e4/execute/sync {'script': "arguments[0].setAttribute('aria-selected', 'true'); arguments[0].classList.add('ui-iggrid-activerow'...", 'args': [{'element-6066-11e4-a52e-4f735466cecf': 'f.0FEBA765CDE3DD0F1A3C41E32A39EBF7.d.FA4B78FD7788453C9E6FE458E7979FBE.e.411'}]}
13:49:50 | DEBUG | http://localhost:59248 "POST /session/8133cf87bc72ca376399655b737fa7e4/execute/sync HTTP/1.1" 200 0
13:49:50 | DEBUG | Remote response: status=200 | data={"value":null} | headers=HTTPHeaderDict({'Content-Length': '14', 'Content-Type': 'application/json; charset=utf-8', 'cache-control': 'no-cache'})
13:49:50 | DEBUG | Finished Request
13:49:50 | INFO | Todas as 5 linhas foram selecionadas via JavaScript.
13:49:50 | INFO | Iniciando processo de download com construção de URL...
13:49:50 | DEBUG | GET http://localhost:59248/session/8133cf87bc72ca376399655b737fa7e4/window {}
13:49:50 | DEBUG | http://localhost:59248 "GET /session/8133cf87bc72ca376399655b737fa7e4/window HTTP/1.1" 200 0
13:49:50 | DEBUG | Remote response: status=200 | data={"value":"CAC3181B7612BECF8B63BE8ADF3BE057"} | headers=HTTPHeaderDict({'Content-Length': '44', 'Content-Type': 'application/json; charset=utf-8', 'cache-control': 'no-cache'})
13:49:50 | DEBUG | Finished Request
13:49:50 | DEBUG | POST http://localhost:59248/session/8133cf87bc72ca376399655b737fa7e4/execute/sync {'script': "return window.Page.Get('__OBToken');", 'args': []}
13:49:50 | DEBUG | http://localhost:59248 "POST /session/8133cf87bc72ca376399655b737fa7e4/execute/sync HTTP/1.1" 200 0
13:49:50 | DEBUG | Remote response: status=200 | data={"value":"9c38ebcd-409c-4569-899b-1c500fbb8cad"} | headers=HTTPHeaderDict({'Content-Length': '48', 'Content-Type': 'application/json; charset=utf-8', 'cache-control': 'no-cache'})
13:49:50 | DEBUG | Finished Request
13:49:50 | INFO | OBToken obtido: 9c38ebcd-409c-4569-899b-1c500fbb8cad
13:49:50 | INFO | URL do popup construída: https://im40333.onbaseonline.com/203appnet/SendToFile.aspx?OBToken=9c38ebcd-409c-4569-899b-1c500fbb8cad
13:49:50 | INFO | Abrindo URL do popup em uma nova aba...
13:49:50 | DEBUG | POST http://localhost:59248/session/8133cf87bc72ca376399655b737fa7e4/window/new {'type': 'tab'}
13:49:50 | DEBUG | http://localhost:59248 "POST /session/8133cf87bc72ca376399655b737fa7e4/window/new HTTP/1.1" 200 0
13:49:50 | DEBUG | Remote response: status=200 | data={"value":{"handle":"5230A5D6F614F25793DDC4523DF334C3","type":"tab"}} | headers=HTTPHeaderDict({'Content-Length': '68', 'Content-Type': 'application/json; charset=utf-8', 'cache-control': 'no-cache'})
13:49:50 | DEBUG | Finished Request
13:49:50 | DEBUG | POST http://localhost:59248/session/8133cf87bc72ca376399655b737fa7e4/window {'handle': '5230A5D6F614F25793DDC4523DF334C3'}
13:49:50 | DEBUG | http://localhost:59248 "POST /session/8133cf87bc72ca376399655b737fa7e4/window HTTP/1.1" 200 0
13:49:50 | DEBUG | Remote response: status=200 | data={"value":null} | headers=HTTPHeaderDict({'Content-Length': '14', 'Content-Type': 'application/json; charset=utf-8', 'cache-control': 'no-cache'})
13:49:50 | DEBUG | Finished Request
13:49:50 | DEBUG | POST http://localhost:59248/session/8133cf87bc72ca376399655b737fa7e4/url {'url': 'https://im40333.onbaseonline.com/203appnet/SendToFile.aspx?OBToken=9c38ebcd-409c-4569-899b-1c500fbb8...'}
13:49:50 | DEBUG | http://localhost:59248 "POST /session/8133cf87bc72ca376399655b737fa7e4/url HTTP/1.1" 200 0
13:49:50 | DEBUG | Remote response: status=200 | data={"value":null} | headers=HTTPHeaderDict({'Content-Length': '14', 'Content-Type': 'application/json; charset=utf-8', 'cache-control': 'no-cache'})
13:49:50 | DEBUG | Finished Request
13:49:50 | INFO | Interagindo com os elementos na nova aba...
13:49:50 | DEBUG | POST http://localhost:59248/session/8133cf87bc72ca376399655b737fa7e4/element {'using': 'css selector', 'value': '[id="CheckboxExportNote"]'}
13:49:50 | DEBUG | http://localhost:59248 "POST /session/8133cf87bc72ca376399655b737fa7e4/element HTTP/1.1" 404 0
13:49:50 | DEBUG | Remote response: status=404 | data={"value":{"error":"no such element","message":"no such element: Unable to locate element: {\"method\":\"css selector\",\"selector\":\"[id=\"CheckboxExportNote\"]\"}\n  (Session info: MicrosoftEdge=137.0.3296.68)","stacktrace":"\tGetHandleVerifier [0x00007FF7EB9DF965+25029]\n\t(No symbol) [0x00007FF7EB934970]\n\tMicrosoft::Applications::Events::EventProperty::to_string [0x00007FF7EBC3AA6A+1947706]\n\t(No symbol) [0x00007FF7EB747D88]\n\t(No symbol) [0x00007FF7EB74804B]\n\t(No symbol) [0x00007FF7EB788CA7]\n\t(No symbol) [0x00007FF7EB7690CF]\n\t(No symbol) [0x00007FF7EB73E15D]\n\t(No symbol) [0x00007FF7EB786698]\n\t(No symbol) [0x00007FF7EB768DF3]\n\t(No symbol) [0x00007FF7EB73D6A6]\n\t(No symbol) [0x00007FF7EB73CBB3]\n\t(No symbol) [0x00007FF7EB73D4D3]\n\t(No symbol) [0x00007FF7EB845F0D]\n\t(No symbol) [0x00007FF7EB853AAF]\n\t(No symbol) [0x00007FF7EB84C49F]\n\tMicrosoft::Applications::Events::EventProperty::to_string [0x00007FF7EBAA4A1A+284650]\n\t(No symbol) [0x00007FF7EB942301]\n\t(No symbol) [0x00007FF7EB93ADA4]\n\t(No symbol) [0x00007FF7EB93AEF3]\n\t(No symbol) [0x00007FF7EB92CB36]\n\tBaseThreadInitThunk [0x00007FFDA7E3259D+29]\n\tRtlUserThreadStart [0x00007FFDA984AF38+40]\n"}} | headers=HTTPHeaderDict({'Content-Length': '1198', 'Content-Type': 'application/json; charset=utf-8', 'cache-control': 'no-cache'})
13:49:50 | DEBUG | Finished Request
13:49:51 | DEBUG | POST http://localhost:59248/session/8133cf87bc72ca376399655b737fa7e4/element {'using': 'css selector', 'value': '[id="CheckboxExportNote"]'}
13:49:51 | DEBUG | http://localhost:59248 "POST /session/8133cf87bc72ca376399655b737fa7e4/element HTTP/1.1" 404 0
13:49:51 | DEBUG | Remote response: status=404 | data={"value":{"error":"no such element","message":"no such element: Unable to locate element: {\"method\":\"css selector\",\"selector\":\"[id=\"CheckboxExportNote\"]\"}\n  (Session info: MicrosoftEdge=137.0.3296.68)","stacktrace":"\tGetHandleVerifier [0x00007FF7EB9DF965+25029]\n\t(No symbol) [0x00007FF7EB934970]\n\tMicrosoft::Applications::Events::EventProperty::to_string [0x00007FF7EBC3AA6A+1947706]\n\t(No symbol) [0x00007FF7EB747D88]\n\t(No symbol) [0x00007FF7EB74804B]\n\t(No symbol) [0x00007FF7EB788CA7]\n\t(No symbol) [0x00007FF7EB7690CF]\n\t(No symbol) [0x00007FF7EB73E15D]\n\t(No symbol) [0x00007FF7EB786698]\n\t(No symbol) [0x00007FF7EB768DF3]\n\t(No symbol) [0x00007FF7EB73D6A6]\n\t(No symbol) [0x00007FF7EB73CBB3]\n\t(No symbol) [0x00007FF7EB73D4D3]\n\t(No symbol) [0x00007FF7EB845F0D]\n\t(No symbol) [0x00007FF7EB853AAF]\n\t(No symbol) [0x00007FF7EB84C49F]\n\tMicrosoft::Applications::Events::EventProperty::to_string [0x00007FF7EBAA4A1A+284650]\n\t(No symbol) [0x00007FF7EB942301]\n\t(No symbol) [0x00007FF7EB93ADA4]\n\t(No symbol) [0x00007FF7EB93AEF3]\n\t(No symbol) [0x00007FF7EB92CB36]\n\tBaseThreadInitThunk [0x00007FFDA7E3259D+29]\n\tRtlUserThreadStart [0x00007FFDA984AF38+40]\n"}} | headers=HTTPHeaderDict({'Content-Length': '1198', 'Content-Type': 'application/json; charset=utf-8', 'cache-control': 'no-cache'})
13:49:51 | DEBUG | Finished Request
13:49:51 | DEBUG | POST http://localhost:59248/session/8133cf87bc72ca376399655b737fa7e4/element {'using': 'css selector', 'value': '[id="CheckboxExportNote"]'}
13:49:51 | DEBUG | http://localhost:59248 "POST /session/8133cf87bc72ca376399655b737fa7e4/element HTTP/1.1" 404 0
13:49:51 | DEBUG | Remote response: status=404 | data={"value":{"error":"no such element","message":"no such element: Unable to locate element: {\"method\":\"css selector\",\"selector\":\"[id=\"CheckboxExportNote\"]\"}\n  (Session info: MicrosoftEdge=137.0.3296.68)","stacktrace":"\tGetHandleVerifier [0x00007FF7EB9DF965+25029]\n\t(No symbol) [0x00007FF7EB934970]\n\tMicrosoft::Applications::Events::EventProperty::to_string [0x00007FF7EBC3AA6A+1947706]\n\t(No symbol) [0x00007FF7EB747D88]\n\t(No symbol) [0x00007FF7EB74804B]\n\t(No symbol) [0x00007FF7EB788CA7]\n\t(No symbol) [0x00007FF7EB7690CF]\n\t(No symbol) [0x00007FF7EB73E15D]\n\t(No symbol) [0x00007FF7EB786698]\n\t(No symbol) [0x00007FF7EB768DF3]\n\t(No symbol) [0x00007FF7EB73D6A6]\n\t(No symbol) [0x00007FF7EB73CBB3]\n\t(No symbol) [0x00007FF7EB73D4D3]\n\t(No symbol) [0x00007FF7EB845F0D]\n\t(No symbol) [0x00007FF7EB853AAF]\n\t(No symbol) [0x00007FF7EB84C49F]\n\tMicrosoft::Applications::Events::EventProperty::to_string [0x00007FF7EBAA4A1A+284650]\n\t(No symbol) [0x00007FF7EB942301]\n\t(No symbol) [0x00007FF7EB93ADA4]\n\t(No symbol) [0x00007FF7EB93AEF3]\n\t(No symbol) [0x00007FF7EB92CB36]\n\tBaseThreadInitThunk [0x00007FFDA7E3259D+29]\n\tRtlUserThreadStart [0x00007FFDA984AF38+40]\n"}} | headers=HTTPHeaderDict({'Content-Length': '1198', 'Content-Type': 'application/json; charset=utf-8', 'cache-control': 'no-cache'})
13:49:51 | DEBUG | Finished Request
13:49:52 | DEBUG | POST http://localhost:59248/session/8133cf87bc72ca376399655b737fa7e4/element {'using': 'css selector', 'value': '[id="CheckboxExportNote"]'}
13:49:52 | DEBUG | http://localhost:59248 "POST /session/8133cf87bc72ca376399655b737fa7e4/element HTTP/1.1" 404 0
13:49:52 | DEBUG | Remote response: status=404 | data={"value":{"error":"no such element","message":"no such element: Unable to locate element: {\"method\":\"css selector\",\"selector\":\"[id=\"CheckboxExportNote\"]\"}\n  (Session info: MicrosoftEdge=137.0.3296.68)","stacktrace":"\tGetHandleVerifier [0x00007FF7EB9DF965+25029]\n\t(No symbol) [0x00007FF7EB934970]\n\tMicrosoft::Applications::Events::EventProperty::to_string [0x00007FF7EBC3AA6A+1947706]\n\t(No symbol) [0x00007FF7EB747D88]\n\t(No symbol) [0x00007FF7EB74804B]\n\t(No symbol) [0x00007FF7EB788CA7]\n\t(No symbol) [0x00007FF7EB7690CF]\n\t(No symbol) [0x00007FF7EB73E15D]\n\t(No symbol) [0x00007FF7EB786698]\n\t(No symbol) [0x00007FF7EB768DF3]\n\t(No symbol) [0x00007FF7EB73D6A6]\n\t(No symbol) [0x00007FF7EB73CBB3]\n\t(No symbol) [0x00007FF7EB73D4D3]\n\t(No symbol) [0x00007FF7EB845F0D]\n\t(No symbol) [0x00007FF7EB853AAF]\n\t(No symbol) [0x00007FF7EB84C49F]\n\tMicrosoft::Applications::Events::EventProperty::to_string [0x00007FF7EBAA4A1A+284650]\n\t(No symbol) [0x00007FF7EB942301]\n\t(No symbol) [0x00007FF7EB93ADA4]\n\t(No symbol) [0x00007FF7EB93AEF3]\n\t(No symbol) [0x00007FF7EB92CB36]\n\tBaseThreadInitThunk [0x00007FFDA7E3259D+29]\n\tRtlUserThreadStart [0x00007FFDA984AF38+40]\n"}} | headers=HTTPHeaderDict({'Content-Length': '1198', 'Content-Type': 'application/json; charset=utf-8', 'cache-control': 'no-cache'})
13:49:52 | DEBUG | Finished Request
13:49:52 | DEBUG | POST http://localhost:59248/session/8133cf87bc72ca376399655b737fa7e4/element {'using': 'css selector', 'value': '[id="CheckboxExportNote"]'}
13:49:52 | DEBUG | http://localhost:59248 "POST /session/8133cf87bc72ca376399655b737fa7e4/element HTTP/1.1" 404 0
13:49:52 | DEBUG | Remote response: status=404 | data={"value":{"error":"no such element","message":"no such element: Unable to locate element: {\"method\":\"css selector\",\"selector\":\"[id=\"CheckboxExportNote\"]\"}\n  (Session info: MicrosoftEdge=137.0.3296.68)","stacktrace":"\tGetHandleVerifier [0x00007FF7EB9DF965+25029]\n\t(No symbol) [0x00007FF7EB934970]\n\tMicrosoft::Applications::Events::EventProperty::to_string [0x00007FF7EBC3AA6A+1947706]\n\t(No symbol) [0x00007FF7EB747D88]\n\t(No symbol) [0x00007FF7EB74804B]\n\t(No symbol) [0x00007FF7EB788CA7]\n\t(No symbol) [0x00007FF7EB7690CF]\n\t(No symbol) [0x00007FF7EB73E15D]\n\t(No symbol) [0x00007FF7EB786698]\n\t(No symbol) [0x00007FF7EB768DF3]\n\t(No symbol) [0x00007FF7EB73D6A6]\n\t(No symbol) [0x00007FF7EB73CBB3]\n\t(No symbol) [0x00007FF7EB73D4D3]\n\t(No symbol) [0x00007FF7EB845F0D]\n\t(No symbol) [0x00007FF7EB853AAF]\n\t(No symbol) [0x00007FF7EB84C49F]\n\tMicrosoft::Applications::Events::EventProperty::to_string [0x00007FF7EBAA4A1A+284650]\n\t(No symbol) [0x00007FF7EB942301]\n\t(No symbol) [0x00007FF7EB93ADA4]\n\t(No symbol) [0x00007FF7EB93AEF3]\n\t(No symbol) [0x00007FF7EB92CB36]\n\tBaseThreadInitThunk [0x00007FFDA7E3259D+29]\n\tRtlUserThreadStart [0x00007FFDA984AF38+40]\n"}} | headers=HTTPHeaderDict({'Content-Length': '1198', 'Content-Type': 'application/json; charset=utf-8', 'cache-control': 'no-cache'})
13:49:52 | DEBUG | Finished Request
13:49:53 | DEBUG | POST http://localhost:59248/session/8133cf87bc72ca376399655b737fa7e4/element {'using': 'css selector', 'value': '[id="CheckboxExportNote"]'}
13:49:53 | DEBUG | http://localhost:59248 "POST /session/8133cf87bc72ca376399655b737fa7e4/element HTTP/1.1" 404 0
13:49:53 | DEBUG | Remote response: status=404 | data={"value":{"error":"no such element","message":"no such element: Unable to locate element: {\"method\":\"css selector\",\"selector\":\"[id=\"CheckboxExportNote\"]\"}\n  (Session info: MicrosoftEdge=137.0.3296.68)","stacktrace":"\tGetHandleVerifier [0x00007FF7EB9DF965+25029]\n\t(No symbol) [0x00007FF7EB934970]\n\tMicrosoft::Applications::Events::EventProperty::to_string [0x00007FF7EBC3AA6A+1947706]\n\t(No symbol) [0x00007FF7EB747D88]\n\t(No symbol) [0x00007FF7EB74804B]\n\t(No symbol) [0x00007FF7EB788CA7]\n\t(No symbol) [0x00007FF7EB7690CF]\n\t(No symbol) [0x00007FF7EB73E15D]\n\t(No symbol) [0x00007FF7EB786698]\n\t(No symbol) [0x00007FF7EB768DF3]\n\t(No symbol) [0x00007FF7EB73D6A6]\n\t(No symbol) [0x00007FF7EB73CBB3]\n\t(No symbol) [0x00007FF7EB73D4D3]\n\t(No symbol) [0x00007FF7EB845F0D]\n\t(No symbol) [0x00007FF7EB853AAF]\n\t(No symbol) [0x00007FF7EB84C49F]\n\tMicrosoft::Applications::Events::EventProperty::to_string [0x00007FF7EBAA4A1A+284650]\n\t(No symbol) [0x00007FF7EB942301]\n\t(No symbol) [0x00007FF7EB93ADA4]\n\t(No symbol) [0x00007FF7EB93AEF3]\n\t(No symbol) [0x00007FF7EB92CB36]\n\tBaseThreadInitThunk [0x00007FFDA7E3259D+29]\n\tRtlUserThreadStart [0x00007FFDA984AF38+40]\n"}} | headers=HTTPHeaderDict({'Content-Length': '1198', 'Content-Type': 'application/json; charset=utf-8', 'cache-control': 'no-cache'})
13:49:53 | DEBUG | Finished Request
13:49:53 | DEBUG | POST http://localhost:59248/session/8133cf87bc72ca376399655b737fa7e4/element {'using': 'css selector', 'value': '[id="CheckboxExportNote"]'}
13:49:53 | DEBUG | http://localhost:59248 "POST /session/8133cf87bc72ca376399655b737fa7e4/element HTTP/1.1" 200 0
13:49:53 | DEBUG | Remote response: status=200 | data={"value":null} | headers=HTTPHeaderDict({'Content-Length': '14', 'Content-Type': 'application/json; charset=utf-8', 'cache-control': 'no-cache'})
13:49:53 | DEBUG | Finished Request
13:49:53 | ERROR | FALHA no contexto 'construcao_url_e_download': 'NoneType' object has no attribute 'is_displayed'
Traceback (most recent call last):
  File "c:\Users\2160036544\Downloads\scripts python\CB Automações\ReindexaçãoTelaDeConsulta.py", line 145, in enviar_para_arquivo_e_baixar
    wait.until(EC.element_to_be_clickable((By.ID, "CheckboxExportNote"))).click()
    ~~~~~~~~~~^^^^^^^^^^^^^^^^^^^^^^^^^^^^^^^^^^^^^^^^^^^^^^^^^^^^^^^^^^^
  File "C:\Users\2160036544\Downloads\scripts python\CB Automações\venv\Lib\site-packages\selenium\webdriver\support\wait.py", line 129, in until
    value = method(self._driver)
  File "C:\Users\2160036544\Downloads\scripts python\CB Automações\venv\Lib\site-packages\selenium\webdriver\support\expected_conditions.py", line 623, in _predicate
    element = visibility_of(target)(driver)
  File "C:\Users\2160036544\Downloads\scripts python\CB Automações\venv\Lib\site-packages\selenium\webdriver\support\expected_conditions.py", line 252, in _predicate
    return _element_if_visible(element)
  File "C:\Users\2160036544\Downloads\scripts python\CB Automações\venv\Lib\site-packages\selenium\webdriver\support\expected_conditions.py", line 272, in _element_if_visible
    return element if element.is_displayed() == visibility else False
                      ^^^^^^^^^^^^^^^^^^^^
AttributeError: 'NoneType' object has no attribute 'is_displayed'
13:49:53 | DEBUG | POST http://localhost:59248/session/8133cf87bc72ca376399655b737fa7e4/frame {'id': None}
13:49:53 | DEBUG | http://localhost:59248 "POST /session/8133cf87bc72ca376399655b737fa7e4/frame HTTP/1.1" 404 0
13:49:53 | DEBUG | Remote response: status=404 | data={"value":{"error":"no such window","message":"no such window: target window already closed\nfrom unknown error: web view not found\n  (Session info: MicrosoftEdge=137.0.3296.68)","stacktrace":"\tGetHandleVerifier [0x00007FF7EB9DF965+25029]\n\t(No symbol) [0x00007FF7EB934970]\n\tMicrosoft::Applications::Events::EventProperty::to_string [0x00007FF7EBC3AA6A+1947706]\n\t(No symbol) [0x00007FF7EB6DC28F]\n\t(No symbol) [0x00007FF7EB76EAE0]\n\t(No symbol) [0x00007FF7EB78609A]\n\t(No symbol) [0x00007FF7EB768DF3]\n\t(No symbol) [0x00007FF7EB73D6A6]\n\t(No symbol) [0x00007FF7EB73CBB3]\n\t(No symbol) [0x00007FF7EB73D4D3]\n\t(No symbol) [0x00007FF7EB845F0D]\n\t(No symbol) [0x00007FF7EB853AAF]\n\t(No symbol) [0x00007FF7EB84C49F]\n\tMicrosoft::Applications::Events::EventProperty::to_string [0x00007FF7EBAA4A1A+284650]\n\t(No symbol) [0x00007FF7EB942301]\n\t(No symbol) [0x00007FF7EB93ADA4]\n\t(No symbol) [0x00007FF7EB93AEF3]\n\t(No symbol) [0x00007FF7EB92CB36]\n\tBaseThreadInitThunk [0x00007FFDA7E3259D+29]\n\tRtlUserThreadStart [0x00007FFDA984AF38+40]\n"}} | headers=HTTPHeaderDict({'Content-Length': '1056', 'Content-Type': 'application/json; charset=utf-8', 'cache-control': 'no-cache'})
13:49:53 | DEBUG | Finished Request
13:49:53 | ERROR | FALHA CRÍTICA ao salvar o HTML de depuração: Message: no such window: target window already closed
from unknown error: web view not found
  (Session info: MicrosoftEdge=137.0.3296.68)
Stacktrace:
	GetHandleVerifier [0x00007FF7EB9DF965+25029]
	(No symbol) [0x00007FF7EB934970]
	Microsoft::Applications::Events::EventProperty::to_string [0x00007FF7EBC3AA6A+1947706]
	(No symbol) [0x00007FF7EB6DC28F]
	(No symbol) [0x00007FF7EB76EAE0]
	(No symbol) [0x00007FF7EB78609A]
	(No symbol) [0x00007FF7EB768DF3]
	(No symbol) [0x00007FF7EB73D6A6]
	(No symbol) [0x00007FF7EB73CBB3]
	(No symbol) [0x00007FF7EB73D4D3]
	(No symbol) [0x00007FF7EB845F0D]
	(No symbol) [0x00007FF7EB853AAF]
	(No symbol) [0x00007FF7EB84C49F]
	Microsoft::Applications::Events::EventProperty::to_string [0x00007FF7EBAA4A1A+284650]
	(No symbol) [0x00007FF7EB942301]
	(No symbol) [0x00007FF7EB93ADA4]
	(No symbol) [0x00007FF7EB93AEF3]
	(No symbol) [0x00007FF7EB92CB36]
	BaseThreadInitThunk [0x00007FFDA7E3259D+29]
	RtlUserThreadStart [0x00007FFDA984AF38+40]
Traceback (most recent call last):
  File "c:\Users\2160036544\Downloads\scripts python\CB Automações\ReindexaçãoTelaDeConsulta.py", line 145, in enviar_para_arquivo_e_baixar
    wait.until(EC.element_to_be_clickable((By.ID, "CheckboxExportNote"))).click()
    ~~~~~~~~~~^^^^^^^^^^^^^^^^^^^^^^^^^^^^^^^^^^^^^^^^^^^^^^^^^^^^^^^^^^^
  File "C:\Users\2160036544\Downloads\scripts python\CB Automações\venv\Lib\site-packages\selenium\webdriver\support\wait.py", line 129, in until
    value = method(self._driver)
  File "C:\Users\2160036544\Downloads\scripts python\CB Automações\venv\Lib\site-packages\selenium\webdriver\support\expected_conditions.py", line 623, in _predicate
    element = visibility_of(target)(driver)
  File "C:\Users\2160036544\Downloads\scripts python\CB Automações\venv\Lib\site-packages\selenium\webdriver\support\expected_conditions.py", line 252, in _predicate
    return _element_if_visible(element)
  File "C:\Users\2160036544\Downloads\scripts python\CB Automações\venv\Lib\site-packages\selenium\webdriver\support\expected_conditions.py", line 272, in _element_if_visible
    return element if element.is_displayed() == visibility else False
                      ^^^^^^^^^^^^^^^^^^^^
AttributeError: 'NoneType' object has no attribute 'is_displayed'

During handling of the above exception, another exception occurred:

Traceback (most recent call last):
  File "c:\Users\2160036544\Downloads\scripts python\CB Automações\ReindexaçãoTelaDeConsulta.py", line 48, in salvar_html_para_depuracao
    driver_instance.switch_to.default_content()
    ~~~~~~~~~~~~~~~~~~~~~~~~~~~~~~~~~~~~~~~~~^^
  File "C:\Users\2160036544\Downloads\scripts python\CB Automações\venv\Lib\site-packages\selenium\webdriver\remote\switch_to.py", line 66, in default_content
    self._driver.execute(Command.SWITCH_TO_FRAME, {"id": None})
    ~~~~~~~~~~~~~~~~~~~~^^^^^^^^^^^^^^^^^^^^^^^^^^^^^^^^^^^^^^^
  File "C:\Users\2160036544\Downloads\scripts python\CB Automações\venv\Lib\site-packages\selenium\webdriver\remote\webdriver.py", line 447, in execute
    self.error_handler.check_response(response)
    ~~~~~~~~~~~~~~~~~~~~~~~~~~~~~~~~~^^^^^^^^^^
  File "C:\Users\2160036544\Downloads\scripts python\CB Automações\venv\Lib\site-packages\selenium\webdriver\remote\errorhandler.py", line 232, in check_response
    raise exception_class(message, screen, stacktrace)
selenium.common.exceptions.NoSuchWindowException: Message: no such window: target window already closed
from unknown error: web view not found
  (Session info: MicrosoftEdge=137.0.3296.68)
Stacktrace:
	GetHandleVerifier [0x00007FF7EB9DF965+25029]
	(No symbol) [0x00007FF7EB934970]
	Microsoft::Applications::Events::EventProperty::to_string [0x00007FF7EBC3AA6A+1947706]
	(No symbol) [0x00007FF7EB6DC28F]
	(No symbol) [0x00007FF7EB76EAE0]
	(No symbol) [0x00007FF7EB78609A]
	(No symbol) [0x00007FF7EB768DF3]
	(No symbol) [0x00007FF7EB73D6A6]
	(No symbol) [0x00007FF7EB73CBB3]
	(No symbol) [0x00007FF7EB73D4D3]
	(No symbol) [0x00007FF7EB845F0D]
	(No symbol) [0x00007FF7EB853AAF]
	(No symbol) [0x00007FF7EB84C49F]
	Microsoft::Applications::Events::EventProperty::to_string [0x00007FF7EBAA4A1A+284650]
	(No symbol) [0x00007FF7EB942301]
	(No symbol) [0x00007FF7EB93ADA4]
	(No symbol) [0x00007FF7EB93AEF3]
	(No symbol) [0x00007FF7EB92CB36]
	BaseThreadInitThunk [0x00007FFDA7E3259D+29]
	RtlUserThreadStart [0x00007FFDA984AF38+40]

13:49:53 | DEBUG | GET http://localhost:59248/session/8133cf87bc72ca376399655b737fa7e4/screenshot {}
13:49:53 | DEBUG | http://localhost:59248 "GET /session/8133cf87bc72ca376399655b737fa7e4/screenshot HTTP/1.1" 404 0
13:49:53 | DEBUG | Remote response: status=404 | data={"value":{"error":"no such window","message":"no such window: target window already closed\nfrom unknown error: web view not found\n  (Session info: MicrosoftEdge=137.0.3296.68)","stacktrace":"\tGetHandleVerifier [0x00007FF7EB9DF965+25029]\n\t(No symbol) [0x00007FF7EB934970]\n\tMicrosoft::Applications::Events::EventProperty::to_string [0x00007FF7EBC3AA6A+1947706]\n\t(No symbol) [0x00007FF7EB6DC28F]\n\t(No symbol) [0x00007FF7EB76EAE0]\n\t(No symbol) [0x00007FF7EB78609A]\n\t(No symbol) [0x00007FF7EB768DF3]\n\t(No symbol) [0x00007FF7EB73D6A6]\n\t(No symbol) [0x00007FF7EB73CBB3]\n\t(No symbol) [0x00007FF7EB73D4D3]\n\t(No symbol) [0x00007FF7EB845F0D]\n\t(No symbol) [0x00007FF7EB853AAF]\n\t(No symbol) [0x00007FF7EB84C49F]\n\tMicrosoft::Applications::Events::EventProperty::to_string [0x00007FF7EBAA4A1A+284650]\n\t(No symbol) [0x00007FF7EB942301]\n\t(No symbol) [0x00007FF7EB93ADA4]\n\t(No symbol) [0x00007FF7EB93AEF3]\n\t(No symbol) [0x00007FF7EB92CB36]\n\tBaseThreadInitThunk [0x00007FFDA7E3259D+29]\n\tRtlUserThreadStart [0x00007FFDA984AF38+40]\n"}} | headers=HTTPHeaderDict({'Content-Length': '1056', 'Content-Type': 'application/json; charset=utf-8', 'cache-control': 'no-cache'})
13:49:53 | DEBUG | Finished Request
13:49:53 | ERROR | FALHA ao salvar screenshot: Message: no such window: target window already closed
from unknown error: web view not found
  (Session info: MicrosoftEdge=137.0.3296.68)
Stacktrace:
	GetHandleVerifier [0x00007FF7EB9DF965+25029]
	(No symbol) [0x00007FF7EB934970]
	Microsoft::Applications::Events::EventProperty::to_string [0x00007FF7EBC3AA6A+1947706]
	(No symbol) [0x00007FF7EB6DC28F]
	(No symbol) [0x00007FF7EB76EAE0]
	(No symbol) [0x00007FF7EB78609A]
	(No symbol) [0x00007FF7EB768DF3]
	(No symbol) [0x00007FF7EB73D6A6]
	(No symbol) [0x00007FF7EB73CBB3]
	(No symbol) [0x00007FF7EB73D4D3]
	(No symbol) [0x00007FF7EB845F0D]
	(No symbol) [0x00007FF7EB853AAF]
	(No symbol) [0x00007FF7EB84C49F]
	Microsoft::Applications::Events::EventProperty::to_string [0x00007FF7EBAA4A1A+284650]
	(No symbol) [0x00007FF7EB942301]
	(No symbol) [0x00007FF7EB93ADA4]
	(No symbol) [0x00007FF7EB93AEF3]
	(No symbol) [0x00007FF7EB92CB36]
	BaseThreadInitThunk [0x00007FFDA7E3259D+29]
	RtlUserThreadStart [0x00007FFDA984AF38+40]
Traceback (most recent call last):
  File "c:\Users\2160036544\Downloads\scripts python\CB Automações\ReindexaçãoTelaDeConsulta.py", line 145, in enviar_para_arquivo_e_baixar
    wait.until(EC.element_to_be_clickable((By.ID, "CheckboxExportNote"))).click()
    ~~~~~~~~~~^^^^^^^^^^^^^^^^^^^^^^^^^^^^^^^^^^^^^^^^^^^^^^^^^^^^^^^^^^^
  File "C:\Users\2160036544\Downloads\scripts python\CB Automações\venv\Lib\site-packages\selenium\webdriver\support\wait.py", line 129, in until
    value = method(self._driver)
  File "C:\Users\2160036544\Downloads\scripts python\CB Automações\venv\Lib\site-packages\selenium\webdriver\support\expected_conditions.py", line 623, in _predicate
    element = visibility_of(target)(driver)
  File "C:\Users\2160036544\Downloads\scripts python\CB Automações\venv\Lib\site-packages\selenium\webdriver\support\expected_conditions.py", line 252, in _predicate
    return _element_if_visible(element)
  File "C:\Users\2160036544\Downloads\scripts python\CB Automações\venv\Lib\site-packages\selenium\webdriver\support\expected_conditions.py", line 272, in _element_if_visible
    return element if element.is_displayed() == visibility else False
                      ^^^^^^^^^^^^^^^^^^^^
AttributeError: 'NoneType' object has no attribute 'is_displayed'

During handling of the above exception, another exception occurred:

Traceback (most recent call last):
  File "c:\Users\2160036544\Downloads\scripts python\CB Automações\ReindexaçãoTelaDeConsulta.py", line 64, in salvar_screenshot_para_depuracao
    driver_instance.save_screenshot(filepath)
    ~~~~~~~~~~~~~~~~~~~~~~~~~~~~~~~^^^^^^^^^^
  File "C:\Users\2160036544\Downloads\scripts python\CB Automações\venv\Lib\site-packages\selenium\webdriver\remote\webdriver.py", line 1010, in save_screenshot
    return self.get_screenshot_as_file(filename)
           ~~~~~~~~~~~~~~~~~~~~~~~~~~~^^^^^^^^^^
  File "C:\Users\2160036544\Downloads\scripts python\CB Automações\venv\Lib\site-packages\selenium\webdriver\remote\webdriver.py", line 985, in get_screenshot_as_file
    png = self.get_screenshot_as_png()
  File "C:\Users\2160036544\Downloads\scripts python\CB Automações\venv\Lib\site-packages\selenium\webdriver\remote\webdriver.py", line 1019, in get_screenshot_as_png
    return b64decode(self.get_screenshot_as_base64().encode("ascii"))
                     ~~~~~~~~~~~~~~~~~~~~~~~~~~~~~^^
  File "C:\Users\2160036544\Downloads\scripts python\CB Automações\venv\Lib\site-packages\selenium\webdriver\remote\webdriver.py", line 1029, in get_screenshot_as_base64
    return self.execute(Command.SCREENSHOT)["value"]
           ~~~~~~~~~~~~^^^^^^^^^^^^^^^^^^^^
  File "C:\Users\2160036544\Downloads\scripts python\CB Automações\venv\Lib\site-packages\selenium\webdriver\remote\webdriver.py", line 447, in execute
    self.error_handler.check_response(response)
    ~~~~~~~~~~~~~~~~~~~~~~~~~~~~~~~~~^^^^^^^^^^
  File "C:\Users\2160036544\Downloads\scripts python\CB Automações\venv\Lib\site-packages\selenium\webdriver\remote\errorhandler.py", line 232, in check_response
    raise exception_class(message, screen, stacktrace)
selenium.common.exceptions.NoSuchWindowException: Message: no such window: target window already closed
from unknown error: web view not found
  (Session info: MicrosoftEdge=137.0.3296.68)
Stacktrace:
	GetHandleVerifier [0x00007FF7EB9DF965+25029]
	(No symbol) [0x00007FF7EB934970]
	Microsoft::Applications::Events::EventProperty::to_string [0x00007FF7EBC3AA6A+1947706]
	(No symbol) [0x00007FF7EB6DC28F]
	(No symbol) [0x00007FF7EB76EAE0]
	(No symbol) [0x00007FF7EB78609A]
	(No symbol) [0x00007FF7EB768DF3]
	(No symbol) [0x00007FF7EB73D6A6]
	(No symbol) [0x00007FF7EB73CBB3]
	(No symbol) [0x00007FF7EB73D4D3]
	(No symbol) [0x00007FF7EB845F0D]
	(No symbol) [0x00007FF7EB853AAF]
	(No symbol) [0x00007FF7EB84C49F]
	Microsoft::Applications::Events::EventProperty::to_string [0x00007FF7EBAA4A1A+284650]
	(No symbol) [0x00007FF7EB942301]
	(No symbol) [0x00007FF7EB93ADA4]
	(No symbol) [0x00007FF7EB93AEF3]
	(No symbol) [0x00007FF7EB92CB36]
	BaseThreadInitThunk [0x00007FFDA7E3259D+29]
	RtlUserThreadStart [0x00007FFDA984AF38+40]

13:49:53 | DEBUG | GET http://localhost:59248/session/8133cf87bc72ca376399655b737fa7e4/window/handles {}
13:49:53 | DEBUG | http://localhost:59248 "GET /session/8133cf87bc72ca376399655b737fa7e4/window/handles HTTP/1.1" 200 0
13:49:53 | DEBUG | Remote response: status=200 | data={"value":["CAC3181B7612BECF8B63BE8ADF3BE057"]} | headers=HTTPHeaderDict({'Content-Length': '46', 'Content-Type': 'application/json; charset=utf-8', 'cache-control': 'no-cache'})
13:49:53 | DEBUG | Finished Request
13:49:53 | DEBUG | GET http://localhost:59248/session/8133cf87bc72ca376399655b737fa7e4/window {}
13:49:53 | DEBUG | http://localhost:59248 "GET /session/8133cf87bc72ca376399655b737fa7e4/window HTTP/1.1" 404 0
13:49:53 | DEBUG | Remote response: status=404 | data={"value":{"error":"no such window","message":"no such window: target window already closed\nfrom unknown error: web view not found\n  (Session info: MicrosoftEdge=137.0.3296.68)","stacktrace":"\tGetHandleVerifier [0x00007FF7EB9DF965+25029]\n\t(No symbol) [0x00007FF7EB934970]\n\tMicrosoft::Applications::Events::EventProperty::to_string [0x00007FF7EBC3AA6A+1947706]\n\t(No symbol) [0x00007FF7EB6DC28F]\n\t(No symbol) [0x00007FF7EB76EAE0]\n\t(No symbol) [0x00007FF7EB77761B]\n\t(No symbol) [0x00007FF7EB769050]\n\t(No symbol) [0x00007FF7EB73D6A6]\n\t(No symbol) [0x00007FF7EB73CBB3]\n\t(No symbol) [0x00007FF7EB73D4D3]\n\t(No symbol) [0x00007FF7EB845F0D]\n\t(No symbol) [0x00007FF7EB853AAF]\n\t(No symbol) [0x00007FF7EB84C49F]\n\tMicrosoft::Applications::Events::EventProperty::to_string [0x00007FF7EBAA4A1A+284650]\n\t(No symbol) [0x00007FF7EB942301]\n\t(No symbol) [0x00007FF7EB93ADA4]\n\t(No symbol) [0x00007FF7EB93AEF3]\n\t(No symbol) [0x00007FF7EB92CB36]\n\tBaseThreadInitThunk [0x00007FFDA7E3259D+29]\n\tRtlUserThreadStart [0x00007FFDA984AF38+40]\n"}} | headers=HTTPHeaderDict({'Content-Length': '1056', 'Content-Type': 'application/json; charset=utf-8', 'cache-control': 'no-cache'})
13:49:53 | DEBUG | Finished Request
13:49:53 | ERROR | FALHA no contexto 'navegacao_iframes_de_resultado': Message: no such window: target window already closed
from unknown error: web view not found
  (Session info: MicrosoftEdge=137.0.3296.68)
Stacktrace:
	GetHandleVerifier [0x00007FF7EB9DF965+25029]
	(No symbol) [0x00007FF7EB934970]
	Microsoft::Applications::Events::EventProperty::to_string [0x00007FF7EBC3AA6A+1947706]
	(No symbol) [0x00007FF7EB6DC28F]
	(No symbol) [0x00007FF7EB76EAE0]
	(No symbol) [0x00007FF7EB77761B]
	(No symbol) [0x00007FF7EB769050]
	(No symbol) [0x00007FF7EB73D6A6]
	(No symbol) [0x00007FF7EB73CBB3]
	(No symbol) [0x00007FF7EB73D4D3]
	(No symbol) [0x00007FF7EB845F0D]
	(No symbol) [0x00007FF7EB853AAF]
	(No symbol) [0x00007FF7EB84C49F]
	Microsoft::Applications::Events::EventProperty::to_string [0x00007FF7EBAA4A1A+284650]
	(No symbol) [0x00007FF7EB942301]
	(No symbol) [0x00007FF7EB93ADA4]
	(No symbol) [0x00007FF7EB93AEF3]
	(No symbol) [0x00007FF7EB92CB36]
	BaseThreadInitThunk [0x00007FFDA7E3259D+29]
	RtlUserThreadStart [0x00007FFDA984AF38+40]
Traceback (most recent call last):
  File "c:\Users\2160036544\Downloads\scripts python\CB Automações\ReindexaçãoTelaDeConsulta.py", line 221, in <module>
    if enviar_para_arquivo_e_baixar(driver):
       ~~~~~~~~~~~~~~~~~~~~~~~~~~~~^^^^^^^^
  File "c:\Users\2160036544\Downloads\scripts python\CB Automações\ReindexaçãoTelaDeConsulta.py", line 172, in enviar_para_arquivo_e_baixar
    if initial_window_handle in handles and driver_instance.current_window_handle != initial_window_handle:
                                            ^^^^^^^^^^^^^^^^^^^^^^^^^^^^^^^^^^^^^
  File "C:\Users\2160036544\Downloads\scripts python\CB Automações\venv\Lib\site-packages\selenium\webdriver\remote\webdriver.py", line 618, in current_window_handle
    return self.execute(Command.W3C_GET_CURRENT_WINDOW_HANDLE)["value"]
           ~~~~~~~~~~~~^^^^^^^^^^^^^^^^^^^^^^^^^^^^^^^^^^^^^^^
  File "C:\Users\2160036544\Downloads\scripts python\CB Automações\venv\Lib\site-packages\selenium\webdriver\remote\webdriver.py", line 447, in execute
    self.error_handler.check_response(response)
    ~~~~~~~~~~~~~~~~~~~~~~~~~~~~~~~~~^^^^^^^^^^
  File "C:\Users\2160036544\Downloads\scripts python\CB Automações\venv\Lib\site-packages\selenium\webdriver\remote\errorhandler.py", line 232, in check_response
    raise exception_class(message, screen, stacktrace)
selenium.common.exceptions.NoSuchWindowException: Message: no such window: target window already closed
from unknown error: web view not found
  (Session info: MicrosoftEdge=137.0.3296.68)
Stacktrace:
	GetHandleVerifier [0x00007FF7EB9DF965+25029]
	(No symbol) [0x00007FF7EB934970]
	Microsoft::Applications::Events::EventProperty::to_string [0x00007FF7EBC3AA6A+1947706]
	(No symbol) [0x00007FF7EB6DC28F]
	(No symbol) [0x00007FF7EB76EAE0]
	(No symbol) [0x00007FF7EB77761B]
	(No symbol) [0x00007FF7EB769050]
	(No symbol) [0x00007FF7EB73D6A6]
	(No symbol) [0x00007FF7EB73CBB3]
	(No symbol) [0x00007FF7EB73D4D3]
	(No symbol) [0x00007FF7EB845F0D]
	(No symbol) [0x00007FF7EB853AAF]
	(No symbol) [0x00007FF7EB84C49F]
	Microsoft::Applications::Events::EventProperty::to_string [0x00007FF7EBAA4A1A+284650]
	(No symbol) [0x00007FF7EB942301]
	(No symbol) [0x00007FF7EB93ADA4]
	(No symbol) [0x00007FF7EB93AEF3]
	(No symbol) [0x00007FF7EB92CB36]
	BaseThreadInitThunk [0x00007FFDA7E3259D+29]
	RtlUserThreadStart [0x00007FFDA984AF38+40]

13:49:53 | DEBUG | POST http://localhost:59248/session/8133cf87bc72ca376399655b737fa7e4/frame {'id': None}
13:49:53 | DEBUG | http://localhost:59248 "POST /session/8133cf87bc72ca376399655b737fa7e4/frame HTTP/1.1" 404 0
13:49:53 | DEBUG | Remote response: status=404 | data={"value":{"error":"no such window","message":"no such window: target window already closed\nfrom unknown error: web view not found\n  (Session info: MicrosoftEdge=137.0.3296.68)","stacktrace":"\tGetHandleVerifier [0x00007FF7EB9DF965+25029]\n\t(No symbol) [0x00007FF7EB934970]\n\tMicrosoft::Applications::Events::EventProperty::to_string [0x00007FF7EBC3AA6A+1947706]\n\t(No symbol) [0x00007FF7EB6DC28F]\n\t(No symbol) [0x00007FF7EB76EAE0]\n\t(No symbol) [0x00007FF7EB78609A]\n\t(No symbol) [0x00007FF7EB768DF3]\n\t(No symbol) [0x00007FF7EB73D6A6]\n\t(No symbol) [0x00007FF7EB73CBB3]\n\t(No symbol) [0x00007FF7EB73D4D3]\n\t(No symbol) [0x00007FF7EB845F0D]\n\t(No symbol) [0x00007FF7EB853AAF]\n\t(No symbol) [0x00007FF7EB84C49F]\n\tMicrosoft::Applications::Events::EventProperty::to_string [0x00007FF7EBAA4A1A+284650]\n\t(No symbol) [0x00007FF7EB942301]\n\t(No symbol) [0x00007FF7EB93ADA4]\n\t(No symbol) [0x00007FF7EB93AEF3]\n\t(No symbol) [0x00007FF7EB92CB36]\n\tBaseThreadInitThunk [0x00007FFDA7E3259D+29]\n\tRtlUserThreadStart [0x00007FFDA984AF38+40]\n"}} | headers=HTTPHeaderDict({'Content-Length': '1056', 'Content-Type': 'application/json; charset=utf-8', 'cache-control': 'no-cache'})
13:49:53 | DEBUG | Finished Request
13:49:53 | ERROR | FALHA CRÍTICA ao salvar o HTML de depuração: Message: no such window: target window already closed
from unknown error: web view not found
  (Session info: MicrosoftEdge=137.0.3296.68)
Stacktrace:
	GetHandleVerifier [0x00007FF7EB9DF965+25029]
	(No symbol) [0x00007FF7EB934970]
	Microsoft::Applications::Events::EventProperty::to_string [0x00007FF7EBC3AA6A+1947706]
	(No symbol) [0x00007FF7EB6DC28F]
	(No symbol) [0x00007FF7EB76EAE0]
	(No symbol) [0x00007FF7EB78609A]
	(No symbol) [0x00007FF7EB768DF3]
	(No symbol) [0x00007FF7EB73D6A6]
	(No symbol) [0x00007FF7EB73CBB3]
	(No symbol) [0x00007FF7EB73D4D3]
	(No symbol) [0x00007FF7EB845F0D]
	(No symbol) [0x00007FF7EB853AAF]
	(No symbol) [0x00007FF7EB84C49F]
	Microsoft::Applications::Events::EventProperty::to_string [0x00007FF7EBAA4A1A+284650]
	(No symbol) [0x00007FF7EB942301]
	(No symbol) [0x00007FF7EB93ADA4]
	(No symbol) [0x00007FF7EB93AEF3]
	(No symbol) [0x00007FF7EB92CB36]
	BaseThreadInitThunk [0x00007FFDA7E3259D+29]
	RtlUserThreadStart [0x00007FFDA984AF38+40]
Traceback (most recent call last):
  File "c:\Users\2160036544\Downloads\scripts python\CB Automações\ReindexaçãoTelaDeConsulta.py", line 221, in <module>
    if enviar_para_arquivo_e_baixar(driver):
       ~~~~~~~~~~~~~~~~~~~~~~~~~~~~^^^^^^^^
  File "c:\Users\2160036544\Downloads\scripts python\CB Automações\ReindexaçãoTelaDeConsulta.py", line 172, in enviar_para_arquivo_e_baixar
    if initial_window_handle in handles and driver_instance.current_window_handle != initial_window_handle:
                                            ^^^^^^^^^^^^^^^^^^^^^^^^^^^^^^^^^^^^^
  File "C:\Users\2160036544\Downloads\scripts python\CB Automações\venv\Lib\site-packages\selenium\webdriver\remote\webdriver.py", line 618, in current_window_handle
    return self.execute(Command.W3C_GET_CURRENT_WINDOW_HANDLE)["value"]
           ~~~~~~~~~~~~^^^^^^^^^^^^^^^^^^^^^^^^^^^^^^^^^^^^^^^
  File "C:\Users\2160036544\Downloads\scripts python\CB Automações\venv\Lib\site-packages\selenium\webdriver\remote\webdriver.py", line 447, in execute
    self.error_handler.check_response(response)
    ~~~~~~~~~~~~~~~~~~~~~~~~~~~~~~~~~^^^^^^^^^^
  File "C:\Users\2160036544\Downloads\scripts python\CB Automações\venv\Lib\site-packages\selenium\webdriver\remote\errorhandler.py", line 232, in check_response
    raise exception_class(message, screen, stacktrace)
selenium.common.exceptions.NoSuchWindowException: Message: no such window: target window already closed
from unknown error: web view not found
  (Session info: MicrosoftEdge=137.0.3296.68)
Stacktrace:
	GetHandleVerifier [0x00007FF7EB9DF965+25029]
	(No symbol) [0x00007FF7EB934970]
	Microsoft::Applications::Events::EventProperty::to_string [0x00007FF7EBC3AA6A+1947706]
	(No symbol) [0x00007FF7EB6DC28F]
	(No symbol) [0x00007FF7EB76EAE0]
	(No symbol) [0x00007FF7EB77761B]
	(No symbol) [0x00007FF7EB769050]
	(No symbol) [0x00007FF7EB73D6A6]
	(No symbol) [0x00007FF7EB73CBB3]
	(No symbol) [0x00007FF7EB73D4D3]
	(No symbol) [0x00007FF7EB845F0D]
	(No symbol) [0x00007FF7EB853AAF]
	(No symbol) [0x00007FF7EB84C49F]
	Microsoft::Applications::Events::EventProperty::to_string [0x00007FF7EBAA4A1A+284650]
	(No symbol) [0x00007FF7EB942301]
	(No symbol) [0x00007FF7EB93ADA4]
	(No symbol) [0x00007FF7EB93AEF3]
	(No symbol) [0x00007FF7EB92CB36]
	BaseThreadInitThunk [0x00007FFDA7E3259D+29]
	RtlUserThreadStart [0x00007FFDA984AF38+40]


During handling of the above exception, another exception occurred:

Traceback (most recent call last):
  File "c:\Users\2160036544\Downloads\scripts python\CB Automações\ReindexaçãoTelaDeConsulta.py", line 48, in salvar_html_para_depuracao
    driver_instance.switch_to.default_content()
    ~~~~~~~~~~~~~~~~~~~~~~~~~~~~~~~~~~~~~~~~~^^
  File "C:\Users\2160036544\Downloads\scripts python\CB Automações\venv\Lib\site-packages\selenium\webdriver\remote\switch_to.py", line 66, in default_content
    self._driver.execute(Command.SWITCH_TO_FRAME, {"id": None})
    ~~~~~~~~~~~~~~~~~~~~^^^^^^^^^^^^^^^^^^^^^^^^^^^^^^^^^^^^^^^
  File "C:\Users\2160036544\Downloads\scripts python\CB Automações\venv\Lib\site-packages\selenium\webdriver\remote\webdriver.py", line 447, in execute
    self.error_handler.check_response(response)
    ~~~~~~~~~~~~~~~~~~~~~~~~~~~~~~~~~^^^^^^^^^^
  File "C:\Users\2160036544\Downloads\scripts python\CB Automações\venv\Lib\site-packages\selenium\webdriver\remote\errorhandler.py", line 232, in check_response
    raise exception_class(message, screen, stacktrace)
selenium.common.exceptions.NoSuchWindowException: Message: no such window: target window already closed
from unknown error: web view not found
  (Session info: MicrosoftEdge=137.0.3296.68)
Stacktrace:
	GetHandleVerifier [0x00007FF7EB9DF965+25029]
	(No symbol) [0x00007FF7EB934970]
	Microsoft::Applications::Events::EventProperty::to_string [0x00007FF7EBC3AA6A+1947706]
	(No symbol) [0x00007FF7EB6DC28F]
	(No symbol) [0x00007FF7EB76EAE0]
	(No symbol) [0x00007FF7EB78609A]
	(No symbol) [0x00007FF7EB768DF3]
	(No symbol) [0x00007FF7EB73D6A6]
	(No symbol) [0x00007FF7EB73CBB3]
	(No symbol) [0x00007FF7EB73D4D3]
	(No symbol) [0x00007FF7EB845F0D]
	(No symbol) [0x00007FF7EB853AAF]
	(No symbol) [0x00007FF7EB84C49F]
	Microsoft::Applications::Events::EventProperty::to_string [0x00007FF7EBAA4A1A+284650]
	(No symbol) [0x00007FF7EB942301]
	(No symbol) [0x00007FF7EB93ADA4]
	(No symbol) [0x00007FF7EB93AEF3]
	(No symbol) [0x00007FF7EB92CB36]
	BaseThreadInitThunk [0x00007FFDA7E3259D+29]
	RtlUserThreadStart [0x00007FFDA984AF38+40]

13:49:53 | DEBUG | GET http://localhost:59248/session/8133cf87bc72ca376399655b737fa7e4/screenshot {}
13:49:53 | DEBUG | http://localhost:59248 "GET /session/8133cf87bc72ca376399655b737fa7e4/screenshot HTTP/1.1" 404 0
13:49:53 | DEBUG | Remote response: status=404 | data={"value":{"error":"no such window","message":"no such window: target window already closed\nfrom unknown error: web view not found\n  (Session info: MicrosoftEdge=137.0.3296.68)","stacktrace":"\tGetHandleVerifier [0x00007FF7EB9DF965+25029]\n\t(No symbol) [0x00007FF7EB934970]\n\tMicrosoft::Applications::Events::EventProperty::to_string [0x00007FF7EBC3AA6A+1947706]\n\t(No symbol) [0x00007FF7EB6DC28F]\n\t(No symbol) [0x00007FF7EB76EAE0]\n\t(No symbol) [0x00007FF7EB78609A]\n\t(No symbol) [0x00007FF7EB768DF3]\n\t(No symbol) [0x00007FF7EB73D6A6]\n\t(No symbol) [0x00007FF7EB73CBB3]\n\t(No symbol) [0x00007FF7EB73D4D3]\n\t(No symbol) [0x00007FF7EB845F0D]\n\t(No symbol) [0x00007FF7EB853AAF]\n\t(No symbol) [0x00007FF7EB84C49F]\n\tMicrosoft::Applications::Events::EventProperty::to_string [0x00007FF7EBAA4A1A+284650]\n\t(No symbol) [0x00007FF7EB942301]\n\t(No symbol) [0x00007FF7EB93ADA4]\n\t(No symbol) [0x00007FF7EB93AEF3]\n\t(No symbol) [0x00007FF7EB92CB36]\n\tBaseThreadInitThunk [0x00007FFDA7E3259D+29]\n\tRtlUserThreadStart [0x00007FFDA984AF38+40]\n"}} | headers=HTTPHeaderDict({'Content-Length': '1056', 'Content-Type': 'application/json; charset=utf-8', 'cache-control': 'no-cache'})
13:49:53 | DEBUG | Finished Request
13:49:53 | ERROR | FALHA ao salvar screenshot: Message: no such window: target window already closed
from unknown error: web view not found
  (Session info: MicrosoftEdge=137.0.3296.68)
Stacktrace:
	GetHandleVerifier [0x00007FF7EB9DF965+25029]
	(No symbol) [0x00007FF7EB934970]
	Microsoft::Applications::Events::EventProperty::to_string [0x00007FF7EBC3AA6A+1947706]
	(No symbol) [0x00007FF7EB6DC28F]
	(No symbol) [0x00007FF7EB76EAE0]
	(No symbol) [0x00007FF7EB78609A]
	(No symbol) [0x00007FF7EB768DF3]
	(No symbol) [0x00007FF7EB73D6A6]
	(No symbol) [0x00007FF7EB73CBB3]
	(No symbol) [0x00007FF7EB73D4D3]
	(No symbol) [0x00007FF7EB845F0D]
	(No symbol) [0x00007FF7EB853AAF]
	(No symbol) [0x00007FF7EB84C49F]
	Microsoft::Applications::Events::EventProperty::to_string [0x00007FF7EBAA4A1A+284650]
	(No symbol) [0x00007FF7EB942301]
	(No symbol) [0x00007FF7EB93ADA4]
	(No symbol) [0x00007FF7EB93AEF3]
	(No symbol) [0x00007FF7EB92CB36]
	BaseThreadInitThunk [0x00007FFDA7E3259D+29]
	RtlUserThreadStart [0x00007FFDA984AF38+40]
Traceback (most recent call last):
  File "c:\Users\2160036544\Downloads\scripts python\CB Automações\ReindexaçãoTelaDeConsulta.py", line 221, in <module>
    if enviar_para_arquivo_e_baixar(driver):
       ~~~~~~~~~~~~~~~~~~~~~~~~~~~~^^^^^^^^
  File "c:\Users\2160036544\Downloads\scripts python\CB Automações\ReindexaçãoTelaDeConsulta.py", line 172, in enviar_para_arquivo_e_baixar
    if initial_window_handle in handles and driver_instance.current_window_handle != initial_window_handle:
                                            ^^^^^^^^^^^^^^^^^^^^^^^^^^^^^^^^^^^^^
  File "C:\Users\2160036544\Downloads\scripts python\CB Automações\venv\Lib\site-packages\selenium\webdriver\remote\webdriver.py", line 618, in current_window_handle
    return self.execute(Command.W3C_GET_CURRENT_WINDOW_HANDLE)["value"]
           ~~~~~~~~~~~~^^^^^^^^^^^^^^^^^^^^^^^^^^^^^^^^^^^^^^^
  File "C:\Users\2160036544\Downloads\scripts python\CB Automações\venv\Lib\site-packages\selenium\webdriver\remote\webdriver.py", line 447, in execute
    self.error_handler.check_response(response)
    ~~~~~~~~~~~~~~~~~~~~~~~~~~~~~~~~~^^^^^^^^^^
  File "C:\Users\2160036544\Downloads\scripts python\CB Automações\venv\Lib\site-packages\selenium\webdriver\remote\errorhandler.py", line 232, in check_response
    raise exception_class(message, screen, stacktrace)
selenium.common.exceptions.NoSuchWindowException: Message: no such window: target window already closed
from unknown error: web view not found
  (Session info: MicrosoftEdge=137.0.3296.68)
Stacktrace:
	GetHandleVerifier [0x00007FF7EB9DF965+25029]
	(No symbol) [0x00007FF7EB934970]
	Microsoft::Applications::Events::EventProperty::to_string [0x00007FF7EBC3AA6A+1947706]
	(No symbol) [0x00007FF7EB6DC28F]
	(No symbol) [0x00007FF7EB76EAE0]
	(No symbol) [0x00007FF7EB77761B]
	(No symbol) [0x00007FF7EB769050]
	(No symbol) [0x00007FF7EB73D6A6]
	(No symbol) [0x00007FF7EB73CBB3]
	(No symbol) [0x00007FF7EB73D4D3]
	(No symbol) [0x00007FF7EB845F0D]
	(No symbol) [0x00007FF7EB853AAF]
	(No symbol) [0x00007FF7EB84C49F]
	Microsoft::Applications::Events::EventProperty::to_string [0x00007FF7EBAA4A1A+284650]
	(No symbol) [0x00007FF7EB942301]
	(No symbol) [0x00007FF7EB93ADA4]
	(No symbol) [0x00007FF7EB93AEF3]
	(No symbol) [0x00007FF7EB92CB36]
	BaseThreadInitThunk [0x00007FFDA7E3259D+29]
	RtlUserThreadStart [0x00007FFDA984AF38+40]


During handling of the above exception, another exception occurred:

Traceback (most recent call last):
  File "c:\Users\2160036544\Downloads\scripts python\CB Automações\ReindexaçãoTelaDeConsulta.py", line 64, in salvar_screenshot_para_depuracao
    driver_instance.save_screenshot(filepath)
    ~~~~~~~~~~~~~~~~~~~~~~~~~~~~~~~^^^^^^^^^^
  File "C:\Users\2160036544\Downloads\scripts python\CB Automações\venv\Lib\site-packages\selenium\webdriver\remote\webdriver.py", line 1010, in save_screenshot
    return self.get_screenshot_as_file(filename)
           ~~~~~~~~~~~~~~~~~~~~~~~~~~~^^^^^^^^^^
  File "C:\Users\2160036544\Downloads\scripts python\CB Automações\venv\Lib\site-packages\selenium\webdriver\remote\webdriver.py", line 985, in get_screenshot_as_file
    png = self.get_screenshot_as_png()
  File "C:\Users\2160036544\Downloads\scripts python\CB Automações\venv\Lib\site-packages\selenium\webdriver\remote\webdriver.py", line 1019, in get_screenshot_as_png
    return b64decode(self.get_screenshot_as_base64().encode("ascii"))
                     ~~~~~~~~~~~~~~~~~~~~~~~~~~~~~^^
  File "C:\Users\2160036544\Downloads\scripts python\CB Automações\venv\Lib\site-packages\selenium\webdriver\remote\webdriver.py", line 1029, in get_screenshot_as_base64
    return self.execute(Command.SCREENSHOT)["value"]
           ~~~~~~~~~~~~^^^^^^^^^^^^^^^^^^^^
  File "C:\Users\2160036544\Downloads\scripts python\CB Automações\venv\Lib\site-packages\selenium\webdriver\remote\webdriver.py", line 447, in execute
    self.error_handler.check_response(response)
    ~~~~~~~~~~~~~~~~~~~~~~~~~~~~~~~~~^^^^^^^^^^
  File "C:\Users\2160036544\Downloads\scripts python\CB Automações\venv\Lib\site-packages\selenium\webdriver\remote\errorhandler.py", line 232, in check_response
    raise exception_class(message, screen, stacktrace)
selenium.common.exceptions.NoSuchWindowException: Message: no such window: target window already closed
from unknown error: web view not found
  (Session info: MicrosoftEdge=137.0.3296.68)
Stacktrace:
	GetHandleVerifier [0x00007FF7EB9DF965+25029]
	(No symbol) [0x00007FF7EB934970]
	Microsoft::Applications::Events::EventProperty::to_string [0x00007FF7EBC3AA6A+1947706]
	(No symbol) [0x00007FF7EB6DC28F]
	(No symbol) [0x00007FF7EB76EAE0]
	(No symbol) [0x00007FF7EB78609A]
	(No symbol) [0x00007FF7EB768DF3]
	(No symbol) [0x00007FF7EB73D6A6]
	(No symbol) [0x00007FF7EB73CBB3]
	(No symbol) [0x00007FF7EB73D4D3]
	(No symbol) [0x00007FF7EB845F0D]
	(No symbol) [0x00007FF7EB853AAF]
	(No symbol) [0x00007FF7EB84C49F]
	Microsoft::Applications::Events::EventProperty::to_string [0x00007FF7EBAA4A1A+284650]
	(No symbol) [0x00007FF7EB942301]
	(No symbol) [0x00007FF7EB93ADA4]
	(No symbol) [0x00007FF7EB93AEF3]
	(No symbol) [0x00007FF7EB92CB36]
	BaseThreadInitThunk [0x00007FFDA7E3259D+29]
	RtlUserThreadStart [0x00007FFDA984AF38+40]

13:49:53 | INFO | Automação concluída. Pressione ESC para encerrar o navegador.
13:49:55 | INFO | ESC pressionado. Encerrando o navegador...
13:49:55 | DEBUG | DELETE http://localhost:59248/session/8133cf87bc72ca376399655b737fa7e4 {}
13:49:55 | DEBUG | http://localhost:59248 "DELETE /session/8133cf87bc72ca376399655b737fa7e4 HTTP/1.1" 200 0
13:49:55 | DEBUG | Remote response: status=200 | data={"value":null} | headers=HTTPHeaderDict({'Content-Length': '14', 'Content-Type': 'application/json; charset=utf-8', 'cache-control': 'no-cache'})
13:49:55 | DEBUG | Finished Request
13:49:57 | INFO | Navegador encerrado com sucesso.
